{
	"contents": [
	  {
		"id": "4265112063",
		"reviewType": "NORMAL",
		"reviewServiceType": "SELLBLOG",
		"reviewContentClassType": "PHOTO",
		"reviewScore": 5,
		"reviewContent": "살짝 익으니 더맛있네요",
		"createDate": "2023-06-03T01:30:23.966+00:00",
		"repurchase": false,
		"reviewRankingScore": -68.44474,
		"writerMemberNo": 0,
		"checkoutMerchantId": "",
		"checkoutMerchantNo": 0,
		"orderNo": "",
		"productOrderNo": "2023052292038251",
		"productNo": "3813375295",
		"productName": "말바우시장 선김치 전라도 국산 알타리 총각 김치 2kg",
		"productUrl": "https://shopping.naver.com/itemdetail/3813375295",
		"largeCategorizeCategoryId": "50000006",
		"middleCategorizeCategoryId": "50000147",
		"smallCategorizeCategoryId": "50002021",
		"productOptionContentNoDisplay": false,
		"productOptionContent": "착한 총각김치: 2kg",
		"knowledgeShoppingMallProductId": "3813375295",
		"originProductNo": 3806830917,
		"reviewAttaches": [
		  {
			"id": "3159796472",
			"reviewAttachmentType": "I",
			"attachUrl": "https://phinf.pstatic.net/checkout.phinf/20230603_289/1685755820986pzwa8_JPEG/E60C3E62-6DAC-4E23-91C7-0384C1BDD654.jpeg",
			"attachWidth": 468,
			"attachHeight": 678,
			"attachPath": "https://phinf.pstatic.net/checkout.phinf/20230603_289/1685755820986pzwa8_JPEG/E60C3E62-6DAC-4E23-91C7-0384C1BDD654.jpeg",
			"attachSize": 154489,
			"attachDescription": "",
			"sortOrder": 0,
			"attachName": "E60C3E62-6DAC-4E23-91C7-0384C1BDD654.jpeg",
			"attachDirectoryName": "/20230603_289/1685755820986pzwa8_JPEG",
			"attachmentType": "I",
			"width": 468,
			"height": 678
		  }
		],
		"reviewTopics": [
		  {
			"topicCode": "taste",
			"topicCodeName": "맛",
			"patternStartNo": 0,
			"patternEndNo": 11,
			"startIdx": 0,
			"endIdx": 11
		  }
		],
		"eventTitle": "",
		"reviewDisplayStatusType": "NORMAL",
		"freeTrialReview": false,
		"writerMemberId": "naid*****",
		"writerMemberMaskedId": "naid*****",
		"writerMemberIdNo": "",
		"writerMemberProfileImageUrl": "https://profile-phinf.pstatic.net/404/default.png",
		"channelServiceType": "WINDOW",
		"channelId": 100279454,
		"reviewEvaluationValueSeqs": [
		  1000223,
		  1000244
		],
		"profileImageSourceType": "DEFAULT",
		"repThumbnailAttach": {
		  "id": "3159796472",
		  "reviewAttachmentType": "I",
		  "attachUrl": "https://phinf.pstatic.net/checkout.phinf/20230603_289/1685755820986pzwa8_JPEG/E60C3E62-6DAC-4E23-91C7-0384C1BDD654.jpeg",
		  "attachWidth": 468,
		  "attachHeight": 678,
		  "attachPath": "https://phinf.pstatic.net/checkout.phinf/20230603_289/1685755820986pzwa8_JPEG/E60C3E62-6DAC-4E23-91C7-0384C1BDD654.jpeg",
		  "attachSize": 154489,
		  "attachDescription": "",
		  "sortOrder": 0,
		  "attachName": "E60C3E62-6DAC-4E23-91C7-0384C1BDD654.jpeg",
		  "attachDirectoryName": "/20230603_289/1685755820986pzwa8_JPEG",
		  "attachmentType": "I",
		  "width": 468,
		  "height": 678
		},
		"repThumbnailTagNameDescription": {},
		"merchantNo": "",
		"merchantName": "",
		"isMyReview": false
	  },
	  {
		"id": "4262013712",
		"reviewType": "AFTER_USE",
		"reviewServiceType": "SELLBLOG",
		"reviewContentClassType": "PHOTO",
		"reviewScore": 5,
		"reviewContent": "아삭아삭하고 익을수록 맛있어요",
		"createDate": "2023-05-29T14:12:38.988+00:00",
		"repurchase": false,
		"reviewRankingScore": -68.445076,
		"writerMemberNo": 0,
		"checkoutMerchantId": "",
		"checkoutMerchantNo": 0,
		"orderNo": "",
		"productOrderNo": "2023042558551421",
		"productNo": "3813375295",
		"productName": "말바우시장선김치 국산 전라도 알타리 총각김치 3kg/2kg",
		"productUrl": "https://shopping.naver.com/itemdetail/3813375295",
		"largeCategorizeCategoryId": "50000006",
		"middleCategorizeCategoryId": "50000147",
		"smallCategorizeCategoryId": "50002021",
		"productOptionContentNoDisplay": false,
		"productOptionContent": "착한 총각김치: 3kg",
		"knowledgeShoppingMallProductId": "3813375295",
		"originProductNo": 3806830917,
		"reviewAttaches": [
		  {
			"id": "3157845588",
			"reviewAttachmentType": "I",
			"attachUrl": "https://phinf.pstatic.net/checkout.phinf/20230529_148/1685369526515tFQtF_JPEG/20230427_165535.jpg",
			"attachWidth": 3024,
			"attachHeight": 4032,
			"attachPath": "https://phinf.pstatic.net/checkout.phinf/20230529_148/1685369526515tFQtF_JPEG/20230427_165535.jpg",
			"attachSize": 3667292,
			"attachDescription": "",
			"sortOrder": 0,
			"attachName": "20230427_165535.jpg",
			"attachDirectoryName": "/20230529_148/1685369526515tFQtF_JPEG",
			"attachmentType": "I",
			"width": 3024,
			"height": 4032
		  }
		],
		"reviewCommentIds": [
		  3044321382
		],
		"reviewComments": [
		  {
			"reviewId": "4262013712",
			"commentContent": "안녕하세요 선김치 입니다\n작성해주신 구매후기에 진심으로 감사드립니다.\n재료를 선별하고, 다듬고, 세척하고, 버무리는 모든 공정을 직접해서 고객님께 보내드리고 있으며\n앞으로도 최상품의 국산 재료를 사용해서 변하지 않는 맛과 정성을 다해\n만족스러운 구매로 이어질 수 있도록 항상 노력하는 선김치 되겠습니다.\n감사합니다. 행복한 하루되세요\n\n(모든제품 구매링크 : https://smartstore.naver.com/sunkimchi)",
			"createDate": "2023-05-29T23:58:50.322+00:00",
			"writerMerchantId": "",
			"writerMerchantNo": 0,
			"unescapeCommentContent": "안녕하세요 선김치 입니다\n작성해주신 구매후기에 진심으로 감사드립니다.\n재료를 선별하고, 다듬고, 세척하고, 버무리는 모든 공정을 직접해서 고객님께 보내드리고 있으며\n앞으로도 최상품의 국산 재료를 사용해서 변하지 않는 맛과 정성을 다해\n만족스러운 구매로 이어질 수 있도록 항상 노력하는 선김치 되겠습니다.\n감사합니다. 행복한 하루되세요\n\n(모든제품 구매링크 : https://smartstore.naver.com/sunkimchi)",
			"reviewCommentId": 3044321382,
			"reviewCommentDisplayStatusType": "NORMAL",
			"id": 3044321382,
			"displayStatusType": "NORMAL",
			"reviewSeq": 4262013712
		  }
		],
		"reviewTopics": [
		  {
			"topicCode": "food-texture",
			"topicCodeName": "식감",
			"patternStartNo": 0,
			"patternEndNo": 5,
			"startIdx": 0,
			"endIdx": 5
		  },
		  {
			"topicCode": "taste",
			"topicCodeName": "맛",
			"patternStartNo": 7,
			"patternEndNo": 15,
			"startIdx": 7,
			"endIdx": 15
		  }
		],
		"eventTitle": "",
		"reviewDisplayStatusType": "NORMAL",
		"freeTrialReview": false,
		"parentReviewSeq": "4241043469",
		"writerMemberId": "madr******",
		"writerMemberMaskedId": "madr******",
		"writerMemberIdNo": "",
		"writerMemberProfileImageUrl": "https://profile-phinf.pstatic.net/404/default.png",
		"channelServiceType": "WINDOW",
		"channelId": 100279454,
		"reviewEvaluationValueSeqs": [
		  1000245,
		  1000224
		],
		"profileImageSourceType": "DEFAULT",
		"repThumbnailAttach": {
		  "id": "3157845588",
		  "reviewAttachmentType": "I",
		  "attachUrl": "https://phinf.pstatic.net/checkout.phinf/20230529_148/1685369526515tFQtF_JPEG/20230427_165535.jpg",
		  "attachWidth": 3024,
		  "attachHeight": 4032,
		  "attachPath": "https://phinf.pstatic.net/checkout.phinf/20230529_148/1685369526515tFQtF_JPEG/20230427_165535.jpg",
		  "attachSize": 3667292,
		  "attachDescription": "",
		  "sortOrder": 0,
		  "attachName": "20230427_165535.jpg",
		  "attachDirectoryName": "/20230529_148/1685369526515tFQtF_JPEG",
		  "attachmentType": "I",
		  "width": 3024,
		  "height": 4032
		},
		"repThumbnailTagNameDescription": {},
		"merchantNo": "",
		"merchantName": "",
		"isMyReview": false
	  },
	  {
		"id": "4256826912",
		"reviewType": "AFTER_USE",
		"reviewServiceType": "SELLBLOG",
		"reviewContentClassType": "PHOTO",
		"reviewScore": 5,
		"reviewContent": "총각김치는 요기서만 무조건이에요!\n이번에도 맛있게 잘 먹었고있어요",
		"createDate": "2023-05-21T05:55:17.784+00:00",
		"repurchase": true,
		"reviewRankingScore": -68.44711,
		"writerMemberNo": 0,
		"checkoutMerchantId": "",
		"checkoutMerchantNo": 0,
		"orderNo": "",
		"productOrderNo": "2023041992266451",
		"productNo": "4391390346",
		"productName": "선김치 국산 전라도 알타리 총각 김치 3kg/2kg",
		"productUrl": "https://smartstore.naver.com/main/products/4391390346",
		"largeCategorizeCategoryId": "50000006",
		"middleCategorizeCategoryId": "50000147",
		"smallCategorizeCategoryId": "50002021",
		"productOptionContentNoDisplay": false,
		"productOptionContent": "착한 총각김치: 2kg",
		"knowledgeShoppingMallProductId": "4391390346",
		"originProductNo": 3806830917,
		"reviewAttaches": [
		  {
			"id": "3154670544",
			"reviewAttachmentType": "I",
			"attachUrl": "https://phinf.pstatic.net/checkout.phinf/20230521_202/1684648511229F4R87_JPEG/image.jpg",
			"attachWidth": 3024,
			"attachHeight": 4032,
			"attachPath": "https://phinf.pstatic.net/checkout.phinf/20230521_202/1684648511229F4R87_JPEG/image.jpg",
			"attachSize": 2784077,
			"attachDescription": "",
			"sortOrder": 0,
			"attachName": "image.jpg",
			"attachDirectoryName": "/20230521_202/1684648511229F4R87_JPEG",
			"attachmentType": "I",
			"width": 3024,
			"height": 4032
		  }
		],
		"reviewCommentIds": [
		  3043455662
		],
		"reviewComments": [
		  {
			"reviewId": "4256826912",
			"commentContent": "안녕하세요 선김치 입니다\n작성해주신 구매후기에 진심으로 감사드립니다.\n재료를 선별하고, 다듬고, 세척하고, 버무리는 모든 공정을 직접해서 고객님께 보내드리고 있으며\n앞으로도 최상품의 국산 재료를 사용해서 변하지 않는 맛과 정성을 다해\n만족스러운 구매로 이어질 수 있도록 항상 노력하는 선김치 되겠습니다.\n감사합니다. 행복한 하루되세요\n\n(모든제품 구매링크 : https://smartstore.naver.com/sunkimchi)",
			"createDate": "2023-05-22T00:16:10.559+00:00",
			"writerMerchantId": "",
			"writerMerchantNo": 0,
			"unescapeCommentContent": "안녕하세요 선김치 입니다\n작성해주신 구매후기에 진심으로 감사드립니다.\n재료를 선별하고, 다듬고, 세척하고, 버무리는 모든 공정을 직접해서 고객님께 보내드리고 있으며\n앞으로도 최상품의 국산 재료를 사용해서 변하지 않는 맛과 정성을 다해\n만족스러운 구매로 이어질 수 있도록 항상 노력하는 선김치 되겠습니다.\n감사합니다. 행복한 하루되세요\n\n(모든제품 구매링크 : https://smartstore.naver.com/sunkimchi)",
			"reviewCommentId": 3043455662,
			"reviewCommentDisplayStatusType": "NORMAL",
			"id": 3043455662,
			"displayStatusType": "NORMAL",
			"reviewSeq": 4256826912
		  }
		],
		"reviewTopics": [
		  {
			"topicCode": "taste",
			"topicCodeName": "맛",
			"patternStartNo": 19,
			"patternEndNo": 32,
			"startIdx": 19,
			"endIdx": 32
		  }
		],
		"eventTitle": "",
		"reviewDisplayStatusType": "NORMAL",
		"freeTrialReview": false,
		"writerMemberId": "rhld***",
		"writerMemberMaskedId": "rhld***",
		"writerMemberIdNo": "",
		"writerMemberProfileImageUrl": "https://profile-phinf.pstatic.net/404/default.png",
		"channelServiceType": "STOREFARM",
		"channelId": 500054903,
		"reviewEvaluationValueSeqs": [
		  1000245,
		  1000224
		],
		"profileImageSourceType": "DEFAULT",
		"repThumbnailAttach": {
		  "id": "3154670544",
		  "reviewAttachmentType": "I",
		  "attachUrl": "https://phinf.pstatic.net/checkout.phinf/20230521_202/1684648511229F4R87_JPEG/image.jpg",
		  "attachWidth": 3024,
		  "attachHeight": 4032,
		  "attachPath": "https://phinf.pstatic.net/checkout.phinf/20230521_202/1684648511229F4R87_JPEG/image.jpg",
		  "attachSize": 2784077,
		  "attachDescription": "",
		  "sortOrder": 0,
		  "attachName": "image.jpg",
		  "attachDirectoryName": "/20230521_202/1684648511229F4R87_JPEG",
		  "attachmentType": "I",
		  "width": 3024,
		  "height": 4032
		},
		"repThumbnailTagNameDescription": {},
		"merchantNo": "",
		"merchantName": "",
		"isMyReview": false
	  },
	  {
		"id": "4261455251",
		"reviewType": "NORMAL",
		"reviewServiceType": "SELLBLOG",
		"reviewContentClassType": "PHOTO",
		"reviewScore": 5,
		"reviewContent": "너무맛있어요 주위에 추천중^^",
		"createDate": "2023-05-28T09:22:45.630+00:00",
		"repurchase": false,
		"reviewRankingScore": -68.44801,
		"writerMemberNo": 0,
		"checkoutMerchantId": "",
		"checkoutMerchantNo": 0,
		"orderNo": "",
		"productOrderNo": "2023052038429531",
		"productNo": "3813375295",
		"productName": "말바우시장 선김치 전라도 국산 알타리 총각 김치 2kg",
		"productUrl": "https://shopping.naver.com/itemdetail/3813375295",
		"largeCategorizeCategoryId": "50000006",
		"middleCategorizeCategoryId": "50000147",
		"smallCategorizeCategoryId": "50002021",
		"productOptionContentNoDisplay": false,
		"productOptionContent": "착한 총각김치: 3kg",
		"knowledgeShoppingMallProductId": "3813375295",
		"originProductNo": 3806830917,
		"reviewAttaches": [
		  {
			"id": "3157518256",
			"reviewAttachmentType": "I",
			"attachUrl": "https://phinf.pstatic.net/checkout.phinf/20230528_219/1685265761857arK2T_JPEG/1685265714305.jpg",
			"attachWidth": 762,
			"attachHeight": 680,
			"attachPath": "https://phinf.pstatic.net/checkout.phinf/20230528_219/1685265761857arK2T_JPEG/1685265714305.jpg",
			"attachSize": 194556,
			"attachDescription": "",
			"sortOrder": 0,
			"attachName": "1685265714305.jpg",
			"attachDirectoryName": "/20230528_219/1685265761857arK2T_JPEG",
			"attachmentType": "I",
			"width": 762,
			"height": 680
		  }
		],
		"reviewCommentIds": [
		  3044324116
		],
		"reviewComments": [
		  {
			"reviewId": "4261455251",
			"commentContent": "안녕하세요 선김치 입니다\n작성해주신 구매후기에 진심으로 감사드립니다.\n재료를 선별하고, 다듬고, 세척하고, 버무리는 모든 공정을 직접해서 고객님께 보내드리고 있으며\n앞으로도 최상품의 국산 재료를 사용해서 변하지 않는 맛과 정성을 다해\n만족스러운 구매로 이어질 수 있도록 항상 노력하는 선김치 되겠습니다.\n감사합니다. 행복한 하루되세요\n\n(모든제품 구매링크 : https://smartstore.naver.com/sunkimchi)",
			"createDate": "2023-05-30T00:08:15.349+00:00",
			"writerMerchantId": "",
			"writerMerchantNo": 0,
			"unescapeCommentContent": "안녕하세요 선김치 입니다\n작성해주신 구매후기에 진심으로 감사드립니다.\n재료를 선별하고, 다듬고, 세척하고, 버무리는 모든 공정을 직접해서 고객님께 보내드리고 있으며\n앞으로도 최상품의 국산 재료를 사용해서 변하지 않는 맛과 정성을 다해\n만족스러운 구매로 이어질 수 있도록 항상 노력하는 선김치 되겠습니다.\n감사합니다. 행복한 하루되세요\n\n(모든제품 구매링크 : https://smartstore.naver.com/sunkimchi)",
			"reviewCommentId": 3044324116,
			"reviewCommentDisplayStatusType": "NORMAL",
			"id": 3044324116,
			"displayStatusType": "NORMAL",
			"reviewSeq": 4261455251
		  }
		],
		"reviewTopics": [
		  {
			"topicCode": "taste",
			"topicCodeName": "맛",
			"patternStartNo": 0,
			"patternEndNo": 5,
			"startIdx": 0,
			"endIdx": 5
		  }
		],
		"eventTitle": "",
		"reviewDisplayStatusType": "NORMAL",
		"freeTrialReview": false,
		"writerMemberId": "sj****",
		"writerMemberMaskedId": "sj****",
		"writerMemberIdNo": "",
		"writerMemberProfileImageUrl": "https://phinf.pstatic.net/contact/20170608_272/1496924816109Vxh15_PNG/avatar_profile.png",
		"channelServiceType": "WINDOW",
		"channelId": 100279454,
		"reviewEvaluationValueSeqs": [
		  1000245,
		  1000224
		],
		"profileImageSourceType": "NAVER_PROFILE",
		"repThumbnailAttach": {
		  "id": "3157518256",
		  "reviewAttachmentType": "I",
		  "attachUrl": "https://phinf.pstatic.net/checkout.phinf/20230528_219/1685265761857arK2T_JPEG/1685265714305.jpg",
		  "attachWidth": 762,
		  "attachHeight": 680,
		  "attachPath": "https://phinf.pstatic.net/checkout.phinf/20230528_219/1685265761857arK2T_JPEG/1685265714305.jpg",
		  "attachSize": 194556,
		  "attachDescription": "",
		  "sortOrder": 0,
		  "attachName": "1685265714305.jpg",
		  "attachDirectoryName": "/20230528_219/1685265761857arK2T_JPEG",
		  "attachmentType": "I",
		  "width": 762,
		  "height": 680
		},
		"repThumbnailTagNameDescription": {},
		"merchantNo": "",
		"merchantName": "",
		"isMyReview": false
	  },
	  {
		"id": "4256135780",
		"reviewType": "NORMAL",
		"reviewServiceType": "SELLBLOG",
		"reviewContentClassType": "PHOTO",
		"reviewScore": 5,
		"reviewContent": "둘다 너무 맛나요. 파김치는 몆번째 시켜묵고 총각이는 첨인데 맛나네요.",
		"createDate": "2023-05-20T01:46:06.898+00:00",
		"repurchase": false,
		"reviewRankingScore": -68.44936,
		"writerMemberNo": 0,
		"checkoutMerchantId": "",
		"checkoutMerchantNo": 0,
		"orderNo": "",
		"productOrderNo": "2023051736145981",
		"productNo": "3813375295",
		"productName": "말바우시장 선김치 전라도 국산 알타리 총각 김치 2kg",
		"productUrl": "https://shopping.naver.com/itemdetail/3813375295",
		"largeCategorizeCategoryId": "50000006",
		"middleCategorizeCategoryId": "50000147",
		"smallCategorizeCategoryId": "50002021",
		"productOptionContentNoDisplay": false,
		"productOptionContent": "착한 총각김치: 2kg",
		"knowledgeShoppingMallProductId": "3813375295",
		"originProductNo": 3806830917,
		"reviewAttaches": [
		  {
			"id": "3154228231",
			"reviewAttachmentType": "I",
			"attachUrl": "https://phinf.pstatic.net/checkout.phinf/20230520_233/1684547162934oyUBO_JPEG/20230519_182158.jpg",
			"attachWidth": 4000,
			"attachHeight": 1868,
			"attachPath": "https://phinf.pstatic.net/checkout.phinf/20230520_233/1684547162934oyUBO_JPEG/20230519_182158.jpg",
			"attachSize": 1628904,
			"attachDescription": "",
			"sortOrder": 0,
			"attachName": "20230519_182158.jpg",
			"attachDirectoryName": "/20230520_233/1684547162934oyUBO_JPEG",
			"attachmentType": "I",
			"width": 4000,
			"height": 1868
		  }
		],
		"reviewCommentIds": [
		  3043467615
		],
		"reviewComments": [
		  {
			"reviewId": "4256135780",
			"commentContent": "안녕하세요 선김치 입니다\n작성해주신 구매후기에 진심으로 감사드립니다.\n재료를 선별하고, 다듬고, 세척하고, 버무리는 모든 공정을 직접해서 고객님께 보내드리고 있으며\n앞으로도 최상품의 국산 재료를 사용해서 변하지 않는 맛과 정성을 다해\n만족스러운 구매로 이어질 수 있도록 항상 노력하는 선김치 되겠습니다.\n감사합니다. 행복한 하루되세요\n\n(모든제품 구매링크 : https://smartstore.naver.com/sunkimchi)",
			"createDate": "2023-05-22T00:43:46.319+00:00",
			"writerMerchantId": "",
			"writerMerchantNo": 0,
			"unescapeCommentContent": "안녕하세요 선김치 입니다\n작성해주신 구매후기에 진심으로 감사드립니다.\n재료를 선별하고, 다듬고, 세척하고, 버무리는 모든 공정을 직접해서 고객님께 보내드리고 있으며\n앞으로도 최상품의 국산 재료를 사용해서 변하지 않는 맛과 정성을 다해\n만족스러운 구매로 이어질 수 있도록 항상 노력하는 선김치 되겠습니다.\n감사합니다. 행복한 하루되세요\n\n(모든제품 구매링크 : https://smartstore.naver.com/sunkimchi)",
			"reviewCommentId": 3043467615,
			"reviewCommentDisplayStatusType": "NORMAL",
			"id": 3043467615,
			"displayStatusType": "NORMAL",
			"reviewSeq": 4256135780
		  }
		],
		"reviewTopics": [
		  {
			"topicCode": "taste",
			"topicCodeName": "맛",
			"patternStartNo": 0,
			"patternEndNo": 8,
			"startIdx": 0,
			"endIdx": 8
		  },
		  {
			"topicCode": "taste",
			"topicCodeName": "맛",
			"patternStartNo": 34,
			"patternEndNo": 37,
			"startIdx": 34,
			"endIdx": 37
		  }
		],
		"eventTitle": "",
		"reviewDisplayStatusType": "NORMAL",
		"freeTrialReview": false,
		"writerMemberId": "pjjh****",
		"writerMemberMaskedId": "pjjh****",
		"writerMemberIdNo": "",
		"writerMemberProfileImageUrl": "https://phinf.pstatic.net/contact/68/2016/8/19/pjjh0305_1471567565082.jpg",
		"channelServiceType": "WINDOW",
		"channelId": 100279454,
		"reviewEvaluationValueSeqs": [
		  1000245,
		  1000224
		],
		"profileImageSourceType": "NAVER_PROFILE",
		"repThumbnailAttach": {
		  "id": "3154228231",
		  "reviewAttachmentType": "I",
		  "attachUrl": "https://phinf.pstatic.net/checkout.phinf/20230520_233/1684547162934oyUBO_JPEG/20230519_182158.jpg",
		  "attachWidth": 4000,
		  "attachHeight": 1868,
		  "attachPath": "https://phinf.pstatic.net/checkout.phinf/20230520_233/1684547162934oyUBO_JPEG/20230519_182158.jpg",
		  "attachSize": 1628904,
		  "attachDescription": "",
		  "sortOrder": 0,
		  "attachName": "20230519_182158.jpg",
		  "attachDirectoryName": "/20230520_233/1684547162934oyUBO_JPEG",
		  "attachmentType": "I",
		  "width": 4000,
		  "height": 1868
		},
		"repThumbnailTagNameDescription": {},
		"merchantNo": "",
		"merchantName": "",
		"isMyReview": false
	  },
	  {
		"id": "4249671437",
		"reviewType": "NORMAL",
		"reviewServiceType": "SELLBLOG",
		"reviewContentClassType": "PHOTO",
		"reviewScore": 5,
		"reviewContent": "한번 구매하고 맛있어서 재구매했어요,대체적으로 맛있는데 퍽퍽한 무우가랑 섞여있어서 좀 그래요,그래도 맛있어요",
		"createDate": "2023-05-10T23:49:42.790+00:00",
		"repurchase": true,
		"reviewRankingScore": -68.450066,
		"writerMemberNo": 0,
		"checkoutMerchantId": "",
		"checkoutMerchantNo": 0,
		"orderNo": "",
		"productOrderNo": "2023050835905041",
		"productNo": "3813375295",
		"productName": "말바우시장선김치 국산 전라도 알타리 총각김치 3kg/2kg",
		"productUrl": "https://shopping.naver.com/itemdetail/3813375295",
		"largeCategorizeCategoryId": "50000006",
		"middleCategorizeCategoryId": "50000147",
		"smallCategorizeCategoryId": "50002021",
		"productOptionContentNoDisplay": false,
		"productOptionContent": "착한 총각김치: 3kg",
		"knowledgeShoppingMallProductId": "3813375295",
		"originProductNo": 3806830917,
		"reviewAttaches": [
		  {
			"id": "3150220458",
			"reviewAttachmentType": "I",
			"attachUrl": "https://phinf.pstatic.net/checkout.phinf/20230511_149/1683762577813s28I4_JPEG/20230510_160449.jpg",
			"attachWidth": 3000,
			"attachHeight": 4000,
			"attachPath": "https://phinf.pstatic.net/checkout.phinf/20230511_149/1683762577813s28I4_JPEG/20230510_160449.jpg",
			"attachSize": 2957151,
			"attachDescription": "",
			"sortOrder": 0,
			"attachName": "20230510_160449.jpg",
			"attachDirectoryName": "/20230511_149/1683762577813s28I4_JPEG",
			"attachmentType": "I",
			"width": 3000,
			"height": 4000
		  }
		],
		"reviewCommentIds": [
		  3042230673
		],
		"reviewComments": [
		  {
			"reviewId": "4249671437",
			"commentContent": "안녕하세요 선김치 입니다\n작성해주신 구매후기에 진심으로 감사드리며\n매일 새벽 원재료를 직접 선별해서 수급하고 있음에도 고객님께 부족한 제품을 대응해드린 것 같아\n조금더 신경써서 선별하고 준비해야 겠다는 생각이 듭니다.\n좋은 재료와 정성을 쏟아 더욱더 발전하고 안심하시면서 드실 수 있는 제품만을 만들기 위해 노력하겠습니다.\n감사합니다.",
			"createDate": "2023-05-10T23:59:06.517+00:00",
			"writerMerchantId": "",
			"writerMerchantNo": 0,
			"unescapeCommentContent": "안녕하세요 선김치 입니다\n작성해주신 구매후기에 진심으로 감사드리며\n매일 새벽 원재료를 직접 선별해서 수급하고 있음에도 고객님께 부족한 제품을 대응해드린 것 같아\n조금더 신경써서 선별하고 준비해야 겠다는 생각이 듭니다.\n좋은 재료와 정성을 쏟아 더욱더 발전하고 안심하시면서 드실 수 있는 제품만을 만들기 위해 노력하겠습니다.\n감사합니다.",
			"reviewCommentId": 3042230673,
			"reviewCommentDisplayStatusType": "NORMAL",
			"id": 3042230673,
			"displayStatusType": "NORMAL",
			"reviewSeq": 4249671437
		  }
		],
		"reviewTopics": [
		  {
			"topicCode": "taste",
			"topicCodeName": "맛",
			"patternStartNo": 0,
			"patternEndNo": 11,
			"startIdx": 0,
			"endIdx": 11
		  },
		  {
			"topicCode": "taste",
			"topicCodeName": "맛",
			"patternStartNo": 20,
			"patternEndNo": 29,
			"startIdx": 20,
			"endIdx": 29
		  },
		  {
			"topicCode": "taste",
			"topicCodeName": "맛",
			"patternStartNo": 52,
			"patternEndNo": 59,
			"startIdx": 52,
			"endIdx": 59
		  }
		],
		"eventTitle": "",
		"reviewDisplayStatusType": "NORMAL",
		"freeTrialReview": false,
		"writerMemberId": "7s****",
		"writerMemberMaskedId": "7s****",
		"writerMemberIdNo": "",
		"writerMemberProfileImageUrl": "https://profile-phinf.pstatic.net/404/default.png",
		"channelServiceType": "WINDOW",
		"channelId": 100279454,
		"reviewEvaluationValueSeqs": [
		  1000245,
		  1000224
		],
		"profileImageSourceType": "DEFAULT",
		"repThumbnailAttach": {
		  "id": "3150220458",
		  "reviewAttachmentType": "I",
		  "attachUrl": "https://phinf.pstatic.net/checkout.phinf/20230511_149/1683762577813s28I4_JPEG/20230510_160449.jpg",
		  "attachWidth": 3000,
		  "attachHeight": 4000,
		  "attachPath": "https://phinf.pstatic.net/checkout.phinf/20230511_149/1683762577813s28I4_JPEG/20230510_160449.jpg",
		  "attachSize": 2957151,
		  "attachDescription": "",
		  "sortOrder": 0,
		  "attachName": "20230510_160449.jpg",
		  "attachDirectoryName": "/20230511_149/1683762577813s28I4_JPEG",
		  "attachmentType": "I",
		  "width": 3000,
		  "height": 4000
		},
		"repThumbnailTagNameDescription": {},
		"merchantNo": "",
		"merchantName": "",
		"isMyReview": false
	  },
	  {
		"id": "4249294227",
		"reviewType": "NORMAL",
		"reviewServiceType": "SELLBLOG",
		"reviewContentClassType": "PHOTO",
		"reviewScore": 3,
		"reviewContent": "여기서 계속 주문해서  먹는데  이번에는 유독  양이 적은것같아  3키로가 맞나 봤더니  부족하게  오네요.  국물까지  있는데  몇백그램  빼서  보내는게  보기  좋아보이지는 않네요",
		"createDate": "2023-05-10T09:48:34.964+00:00",
		"repurchase": true,
		"reviewRankingScore": -68.451035,
		"writerMemberNo": 0,
		"checkoutMerchantId": "",
		"checkoutMerchantNo": 0,
		"orderNo": "",
		"productOrderNo": "2023050871275641",
		"productNo": "3813375295",
		"productName": "말바우시장선김치 국산 전라도 알타리 총각김치 3kg/2kg",
		"productUrl": "https://shopping.naver.com/itemdetail/3813375295",
		"largeCategorizeCategoryId": "50000006",
		"middleCategorizeCategoryId": "50000147",
		"smallCategorizeCategoryId": "50002021",
		"productOptionContentNoDisplay": false,
		"productOptionContent": "착한 총각김치: 3kg",
		"knowledgeShoppingMallProductId": "3813375295",
		"originProductNo": 3806830917,
		"reviewAttaches": [
		  {
			"id": "3149968731",
			"reviewAttachmentType": "I",
			"attachUrl": "https://phinf.pstatic.net/checkout.phinf/20230510_237/1683712092880Ciung_JPEG/20230510_184440.jpg",
			"attachWidth": 3000,
			"attachHeight": 4000,
			"attachPath": "https://phinf.pstatic.net/checkout.phinf/20230510_237/1683712092880Ciung_JPEG/20230510_184440.jpg",
			"attachSize": 1761889,
			"attachDescription": "",
			"sortOrder": 0,
			"attachName": "20230510_184440.jpg",
			"attachDirectoryName": "/20230510_237/1683712092880Ciung_JPEG",
			"attachmentType": "I",
			"width": 3000,
			"height": 4000
		  }
		],
		"reviewTopics": [
		  {
			"topicCode": "total",
			"topicCodeName": "만족도",
			"patternStartNo": 71,
			"patternEndNo": 102,
			"startIdx": 71,
			"endIdx": 102
		  }
		],
		"eventTitle": "",
		"reviewDisplayStatusType": "NORMAL",
		"freeTrialReview": false,
		"writerMemberId": "neom*****",
		"writerMemberMaskedId": "neom*****",
		"writerMemberIdNo": "",
		"writerMemberProfileImageUrl": "https://profile-phinf.pstatic.net/404/default.png",
		"channelServiceType": "WINDOW",
		"channelId": 100279454,
		"reviewEvaluationValueSeqs": [
		  1000245,
		  1000224
		],
		"profileImageSourceType": "DEFAULT",
		"repThumbnailAttach": {
		  "id": "3149968731",
		  "reviewAttachmentType": "I",
		  "attachUrl": "https://phinf.pstatic.net/checkout.phinf/20230510_237/1683712092880Ciung_JPEG/20230510_184440.jpg",
		  "attachWidth": 3000,
		  "attachHeight": 4000,
		  "attachPath": "https://phinf.pstatic.net/checkout.phinf/20230510_237/1683712092880Ciung_JPEG/20230510_184440.jpg",
		  "attachSize": 1761889,
		  "attachDescription": "",
		  "sortOrder": 0,
		  "attachName": "20230510_184440.jpg",
		  "attachDirectoryName": "/20230510_237/1683712092880Ciung_JPEG",
		  "attachmentType": "I",
		  "width": 3000,
		  "height": 4000
		},
		"repThumbnailTagNameDescription": {},
		"merchantNo": "",
		"merchantName": "",
		"isMyReview": false
	  },
	  {
		"id": "4260803804",
		"reviewType": "NORMAL",
		"reviewServiceType": "SELLBLOG",
		"reviewContentClassType": "PHOTO",
		"reviewScore": 5,
		"reviewContent": "맛있어요\n매번 잘 주문해서 먹고있어요",
		"createDate": "2023-05-27T00:30:45.588+00:00",
		"repurchase": false,
		"reviewRankingScore": -68.45177,
		"writerMemberNo": 0,
		"checkoutMerchantId": "",
		"checkoutMerchantNo": 0,
		"orderNo": "",
		"productOrderNo": "2023052349454551",
		"productNo": "3813375295",
		"productName": "말바우시장 선김치 전라도 국산 알타리 총각 김치 2kg",
		"productUrl": "https://shopping.naver.com/itemdetail/3813375295",
		"largeCategorizeCategoryId": "50000006",
		"middleCategorizeCategoryId": "50000147",
		"smallCategorizeCategoryId": "50002021",
		"productOptionContentNoDisplay": false,
		"productOptionContent": "착한 총각김치: 2kg",
		"knowledgeShoppingMallProductId": "3813375295",
		"originProductNo": 3806830917,
		"reviewAttaches": [
		  {
			"id": "3157128814",
			"reviewAttachmentType": "I",
			"attachUrl": "https://phinf.pstatic.net/checkout.phinf/20230527_116/16851474367938EjQh_JPEG/4136EB6E-55CC-47BF-B05D-6EE8D583E2BD.jpeg",
			"attachWidth": 2268,
			"attachHeight": 4032,
			"attachPath": "https://phinf.pstatic.net/checkout.phinf/20230527_116/16851474367938EjQh_JPEG/4136EB6E-55CC-47BF-B05D-6EE8D583E2BD.jpeg",
			"attachSize": 2935798,
			"attachDescription": "",
			"sortOrder": 0,
			"attachName": "4136EB6E-55CC-47BF-B05D-6EE8D583E2BD.jpeg",
			"attachDirectoryName": "/20230527_116/16851474367938EjQh_JPEG",
			"attachmentType": "I",
			"width": 2268,
			"height": 4032
		  }
		],
		"reviewCommentIds": [
		  3044330741
		],
		"reviewComments": [
		  {
			"reviewId": "4260803804",
			"commentContent": "안녕하세요 선김치 입니다\n작성해주신 구매후기에 진심으로 감사드립니다.\n재료를 선별하고, 다듬고, 세척하고, 버무리는 모든 공정을 직접해서 고객님께 보내드리고 있으며\n앞으로도 최상품의 국산 재료를 사용해서 변하지 않는 맛과 정성을 다해\n만족스러운 구매로 이어질 수 있도록 항상 노력하는 선김치 되겠습니다.\n감사합니다. 행복한 하루되세요\n\n(모든제품 구매링크 : https://smartstore.naver.com/sunkimchi)",
			"createDate": "2023-05-30T00:29:05.352+00:00",
			"writerMerchantId": "",
			"writerMerchantNo": 0,
			"unescapeCommentContent": "안녕하세요 선김치 입니다\n작성해주신 구매후기에 진심으로 감사드립니다.\n재료를 선별하고, 다듬고, 세척하고, 버무리는 모든 공정을 직접해서 고객님께 보내드리고 있으며\n앞으로도 최상품의 국산 재료를 사용해서 변하지 않는 맛과 정성을 다해\n만족스러운 구매로 이어질 수 있도록 항상 노력하는 선김치 되겠습니다.\n감사합니다. 행복한 하루되세요\n\n(모든제품 구매링크 : https://smartstore.naver.com/sunkimchi)",
			"reviewCommentId": 3044330741,
			"reviewCommentDisplayStatusType": "NORMAL",
			"id": 3044330741,
			"displayStatusType": "NORMAL",
			"reviewSeq": 4260803804
		  }
		],
		"reviewTopics": [
		  {
			"topicCode": "taste",
			"topicCodeName": "맛",
			"patternStartNo": 0,
			"patternEndNo": 3,
			"startIdx": 0,
			"endIdx": 3
		  }
		],
		"eventTitle": "",
		"reviewDisplayStatusType": "NORMAL",
		"freeTrialReview": false,
		"writerMemberId": "chri******",
		"writerMemberMaskedId": "chri******",
		"writerMemberIdNo": "",
		"writerMemberProfileImageUrl": "https://profile-phinf.pstatic.net/404/default.png",
		"channelServiceType": "WINDOW",
		"channelId": 100279454,
		"reviewEvaluationValueSeqs": [
		  1000245,
		  1000224
		],
		"profileImageSourceType": "DEFAULT",
		"repThumbnailAttach": {
		  "id": "3157128814",
		  "reviewAttachmentType": "I",
		  "attachUrl": "https://phinf.pstatic.net/checkout.phinf/20230527_116/16851474367938EjQh_JPEG/4136EB6E-55CC-47BF-B05D-6EE8D583E2BD.jpeg",
		  "attachWidth": 2268,
		  "attachHeight": 4032,
		  "attachPath": "https://phinf.pstatic.net/checkout.phinf/20230527_116/16851474367938EjQh_JPEG/4136EB6E-55CC-47BF-B05D-6EE8D583E2BD.jpeg",
		  "attachSize": 2935798,
		  "attachDescription": "",
		  "sortOrder": 0,
		  "attachName": "4136EB6E-55CC-47BF-B05D-6EE8D583E2BD.jpeg",
		  "attachDirectoryName": "/20230527_116/16851474367938EjQh_JPEG",
		  "attachmentType": "I",
		  "width": 2268,
		  "height": 4032
		},
		"repThumbnailTagNameDescription": {},
		"merchantNo": "",
		"merchantName": "",
		"isMyReview": false
	  },
	  {
		"id": "4258678968",
		"reviewType": "NORMAL",
		"reviewServiceType": "SELLBLOG",
		"reviewContentClassType": "PHOTO",
		"reviewScore": 5,
		"reviewContent": "총각김치 넘 맛있어요!!!\n엄마도 요기서 시켜드신답니다 ㅎㅎ",
		"createDate": "2023-05-24T01:20:02.549+00:00",
		"repurchase": true,
		"reviewRankingScore": -68.45187,
		"writerMemberNo": 0,
		"checkoutMerchantId": "",
		"checkoutMerchantNo": 0,
		"orderNo": "",
		"productOrderNo": "2023050224915021",
		"productNo": "3813375295",
		"productName": "말바우시장선김치 국산 전라도 알타리 총각김치 3kg/2kg",
		"productUrl": "https://shopping.naver.com/itemdetail/3813375295",
		"largeCategorizeCategoryId": "50000006",
		"middleCategorizeCategoryId": "50000147",
		"smallCategorizeCategoryId": "50002021",
		"productOptionContentNoDisplay": false,
		"productOptionContent": "착한 총각김치: 2kg",
		"knowledgeShoppingMallProductId": "3813375295",
		"originProductNo": 3806830917,
		"reviewAttaches": [
		  {
			"id": "3155787978",
			"reviewAttachmentType": "I",
			"attachUrl": "https://phinf.pstatic.net/checkout.phinf/20230524_197/1684891185492LEooJ_JPEG/image.jpg",
			"attachWidth": 3024,
			"attachHeight": 4032,
			"attachPath": "https://phinf.pstatic.net/checkout.phinf/20230524_197/1684891185492LEooJ_JPEG/image.jpg",
			"attachSize": 2920957,
			"attachDescription": "",
			"sortOrder": 0,
			"attachName": "image.jpg",
			"attachDirectoryName": "/20230524_197/1684891185492LEooJ_JPEG",
			"attachmentType": "I",
			"width": 3024,
			"height": 4032
		  }
		],
		"reviewCommentIds": [
		  3043926409
		],
		"reviewComments": [
		  {
			"reviewId": "4258678968",
			"commentContent": "안녕하세요 선김치 입니다\n작성해주신 구매후기에 진심으로 감사드립니다.\n재료를 선별하고, 다듬고, 세척하고, 버무리는 모든 공정을 직접해서 고객님께 보내드리고 있으며\n앞으로도 최상품의 국산 재료를 사용해서 변하지 않는 맛과 정성을 다해\n만족스러운 구매로 이어질 수 있도록 항상 노력하는 선김치 되겠습니다.\n감사합니다. 행복한 하루되세요\n\n(모든제품 구매링크 : https://smartstore.naver.com/sunkimchi)",
			"createDate": "2023-05-25T00:15:18.190+00:00",
			"writerMerchantId": "",
			"writerMerchantNo": 0,
			"unescapeCommentContent": "안녕하세요 선김치 입니다\n작성해주신 구매후기에 진심으로 감사드립니다.\n재료를 선별하고, 다듬고, 세척하고, 버무리는 모든 공정을 직접해서 고객님께 보내드리고 있으며\n앞으로도 최상품의 국산 재료를 사용해서 변하지 않는 맛과 정성을 다해\n만족스러운 구매로 이어질 수 있도록 항상 노력하는 선김치 되겠습니다.\n감사합니다. 행복한 하루되세요\n\n(모든제품 구매링크 : https://smartstore.naver.com/sunkimchi)",
			"reviewCommentId": 3043926409,
			"reviewCommentDisplayStatusType": "NORMAL",
			"id": 3043926409,
			"displayStatusType": "NORMAL",
			"reviewSeq": 4258678968
		  }
		],
		"reviewTopics": [
		  {
			"topicCode": "taste",
			"topicCodeName": "맛",
			"patternStartNo": 0,
			"patternEndNo": 10,
			"startIdx": 0,
			"endIdx": 10
		  }
		],
		"eventTitle": "",
		"reviewDisplayStatusType": "NORMAL",
		"freeTrialReview": false,
		"writerMemberId": "mssw***",
		"writerMemberMaskedId": "mssw***",
		"writerMemberIdNo": "",
		"writerMemberProfileImageUrl": "https://profile-phinf.pstatic.net/404/default.png",
		"channelServiceType": "WINDOW",
		"channelId": 100279454,
		"reviewEvaluationValueSeqs": [
		  1000245,
		  1000224
		],
		"profileImageSourceType": "DEFAULT",
		"repThumbnailAttach": {
		  "id": "3155787978",
		  "reviewAttachmentType": "I",
		  "attachUrl": "https://phinf.pstatic.net/checkout.phinf/20230524_197/1684891185492LEooJ_JPEG/image.jpg",
		  "attachWidth": 3024,
		  "attachHeight": 4032,
		  "attachPath": "https://phinf.pstatic.net/checkout.phinf/20230524_197/1684891185492LEooJ_JPEG/image.jpg",
		  "attachSize": 2920957,
		  "attachDescription": "",
		  "sortOrder": 0,
		  "attachName": "image.jpg",
		  "attachDirectoryName": "/20230524_197/1684891185492LEooJ_JPEG",
		  "attachmentType": "I",
		  "width": 3024,
		  "height": 4032
		},
		"repThumbnailTagNameDescription": {},
		"merchantNo": "",
		"merchantName": "",
		"isMyReview": false
	  },
	  {
		"id": "4255358415",
		"reviewType": "NORMAL",
		"reviewServiceType": "SELLBLOG",
		"reviewContentClassType": "PHOTO",
		"reviewScore": 5,
		"reviewContent": "재구매합니다\n벌써 몇번째 재구매해서 먹고 있어요.\n어려서 엄마가 해주시던 맛과 비슷합니다.",
		"createDate": "2023-05-18T23:31:23.241+00:00",
		"repurchase": false,
		"reviewRankingScore": -68.45189,
		"writerMemberNo": 0,
		"checkoutMerchantId": "",
		"checkoutMerchantNo": 0,
		"orderNo": "",
		"productOrderNo": "2023051347105061",
		"productNo": "3813375295",
		"productName": "말바우시장 선김치 전라도 국산 알타리 총각 김치 2kg",
		"productUrl": "https://shopping.naver.com/itemdetail/3813375295",
		"largeCategorizeCategoryId": "50000006",
		"middleCategorizeCategoryId": "50000147",
		"smallCategorizeCategoryId": "50002021",
		"productOptionContentNoDisplay": false,
		"productOptionContent": "착한 총각김치: 3kg",
		"knowledgeShoppingMallProductId": "3813375295",
		"originProductNo": 3806830917,
		"reviewAttaches": [
		  {
			"id": "3153760366",
			"reviewAttachmentType": "I",
			"attachUrl": "https://phinf.pstatic.net/checkout.phinf/20230519_235/1684452677809ufHqH_JPEG/20230519_083035.jpg",
			"attachWidth": 1387,
			"attachHeight": 1849,
			"attachPath": "https://phinf.pstatic.net/checkout.phinf/20230519_235/1684452677809ufHqH_JPEG/20230519_083035.jpg",
			"attachSize": 458179,
			"attachDescription": "",
			"sortOrder": 0,
			"attachName": "20230519_083035.jpg",
			"attachDirectoryName": "/20230519_235/1684452677809ufHqH_JPEG",
			"attachmentType": "I",
			"width": 1387,
			"height": 1849
		  }
		],
		"reviewCommentIds": [
		  3043249683
		],
		"reviewComments": [
		  {
			"reviewId": "4255358415",
			"commentContent": "안녕하세요 선김치 입니다\n작성해주신 구매후기에 진심으로 감사드립니다.\n재료를 선별하고, 다듬고, 세척하고, 버무리는 모든 공정을 직접해서 고객님께 보내드리고 있으며\n앞으로도 최상품의 국산 재료를 사용해서 변하지 않는 맛과 정성을 다해\n만족스러운 구매로 이어질 수 있도록 항상 노력하는 선김치 되겠습니다.\n감사합니다. 행복한 하루되세요\n\n(모든제품 구매링크 : https://smartstore.naver.com/sunkimchi)",
			"createDate": "2023-05-18T23:58:25.161+00:00",
			"writerMerchantId": "",
			"writerMerchantNo": 0,
			"unescapeCommentContent": "안녕하세요 선김치 입니다\n작성해주신 구매후기에 진심으로 감사드립니다.\n재료를 선별하고, 다듬고, 세척하고, 버무리는 모든 공정을 직접해서 고객님께 보내드리고 있으며\n앞으로도 최상품의 국산 재료를 사용해서 변하지 않는 맛과 정성을 다해\n만족스러운 구매로 이어질 수 있도록 항상 노력하는 선김치 되겠습니다.\n감사합니다. 행복한 하루되세요\n\n(모든제품 구매링크 : https://smartstore.naver.com/sunkimchi)",
			"reviewCommentId": 3043249683,
			"reviewCommentDisplayStatusType": "NORMAL",
			"id": 3043249683,
			"displayStatusType": "NORMAL",
			"reviewSeq": 4255358415
		  }
		],
		"reviewTopics": [
		  {
			"topicCode": "taste",
			"topicCodeName": "맛",
			"patternStartNo": 41,
			"patternEndNo": 48,
			"startIdx": 41,
			"endIdx": 48
		  }
		],
		"eventTitle": "",
		"reviewDisplayStatusType": "NORMAL",
		"freeTrialReview": false,
		"writerMemberId": "du****",
		"writerMemberMaskedId": "du****",
		"writerMemberIdNo": "",
		"writerMemberProfileImageUrl": "https://phinf.pstatic.net/contact/20200403_54/1585908562839Tn6oX_JPEG/image.jpg",
		"channelServiceType": "WINDOW",
		"channelId": 100279454,
		"reviewEvaluationValueSeqs": [
		  1000245,
		  1000224
		],
		"profileImageSourceType": "NAVER_PROFILE",
		"repThumbnailAttach": {
		  "id": "3153760366",
		  "reviewAttachmentType": "I",
		  "attachUrl": "https://phinf.pstatic.net/checkout.phinf/20230519_235/1684452677809ufHqH_JPEG/20230519_083035.jpg",
		  "attachWidth": 1387,
		  "attachHeight": 1849,
		  "attachPath": "https://phinf.pstatic.net/checkout.phinf/20230519_235/1684452677809ufHqH_JPEG/20230519_083035.jpg",
		  "attachSize": 458179,
		  "attachDescription": "",
		  "sortOrder": 0,
		  "attachName": "20230519_083035.jpg",
		  "attachDirectoryName": "/20230519_235/1684452677809ufHqH_JPEG",
		  "attachmentType": "I",
		  "width": 1387,
		  "height": 1849
		},
		"repThumbnailTagNameDescription": {},
		"merchantNo": "",
		"merchantName": "",
		"isMyReview": false
	  },
	  {
		"id": "4257470627",
		"reviewType": "AFTER_USE",
		"reviewServiceType": "SELLBLOG",
		"reviewContentClassType": "PHOTO",
		"reviewScore": 5,
		"reviewContent": "넘 맛있어서 몇번째 주문인지 모르겠네요 \n진짜 넘 맛있어요~~~",
		"createDate": "2023-05-22T06:19:20.905+00:00",
		"repurchase": true,
		"reviewRankingScore": -68.4547,
		"writerMemberNo": 0,
		"checkoutMerchantId": "",
		"checkoutMerchantNo": 0,
		"orderNo": "",
		"productOrderNo": "2023041244917301",
		"productNo": "3813375295",
		"productName": "말바우시장선김치 국산 전라도 알타리 총각김치 3kg/2kg",
		"productUrl": "https://shopping.naver.com/itemdetail/3813375295",
		"largeCategorizeCategoryId": "50000006",
		"middleCategorizeCategoryId": "50000147",
		"smallCategorizeCategoryId": "50002021",
		"productOptionContentNoDisplay": false,
		"productOptionContent": "착한 총각김치: 2kg",
		"knowledgeShoppingMallProductId": "3813375295",
		"originProductNo": 3806830917,
		"reviewAttaches": [
		  {
			"id": "3155039614",
			"reviewAttachmentType": "I",
			"attachUrl": "https://phinf.pstatic.net/checkout.phinf/20230522_197/1684736355271Himck_JPEG/IMG_8815.jpeg",
			"attachWidth": 3024,
			"attachHeight": 4032,
			"attachPath": "https://phinf.pstatic.net/checkout.phinf/20230522_197/1684736355271Himck_JPEG/IMG_8815.jpeg",
			"attachSize": 2756566,
			"attachDescription": "",
			"sortOrder": 0,
			"attachName": "IMG_8815.jpeg",
			"attachDirectoryName": "/20230522_197/1684736355271Himck_JPEG",
			"attachmentType": "I",
			"width": 3024,
			"height": 4032
		  }
		],
		"reviewCommentIds": [
		  3043646719
		],
		"reviewComments": [
		  {
			"reviewId": "4257470627",
			"commentContent": "안녕하세요 선김치 입니다\n작성해주신 구매후기에 진심으로 감사드립니다.\n재료를 선별하고, 다듬고, 세척하고, 버무리는 모든 공정을 직접해서 고객님께 보내드리고 있으며\n앞으로도 최상품의 국산 재료를 사용해서 변하지 않는 맛과 정성을 다해\n만족스러운 구매로 이어질 수 있도록 항상 노력하는 선김치 되겠습니다.\n감사합니다. 행복한 하루되세요\n\n(모든제품 구매링크 : https://smartstore.naver.com/sunkimchi)",
			"createDate": "2023-05-23T00:23:04.103+00:00",
			"writerMerchantId": "",
			"writerMerchantNo": 0,
			"unescapeCommentContent": "안녕하세요 선김치 입니다\n작성해주신 구매후기에 진심으로 감사드립니다.\n재료를 선별하고, 다듬고, 세척하고, 버무리는 모든 공정을 직접해서 고객님께 보내드리고 있으며\n앞으로도 최상품의 국산 재료를 사용해서 변하지 않는 맛과 정성을 다해\n만족스러운 구매로 이어질 수 있도록 항상 노력하는 선김치 되겠습니다.\n감사합니다. 행복한 하루되세요\n\n(모든제품 구매링크 : https://smartstore.naver.com/sunkimchi)",
			"reviewCommentId": 3043646719,
			"reviewCommentDisplayStatusType": "NORMAL",
			"id": 3043646719,
			"displayStatusType": "NORMAL",
			"reviewSeq": 4257470627
		  }
		],
		"reviewTopics": [
		  {
			"topicCode": "taste",
			"topicCodeName": "맛",
			"patternStartNo": 0,
			"patternEndNo": 20,
			"startIdx": 0,
			"endIdx": 20
		  },
		  {
			"topicCode": "taste",
			"topicCodeName": "맛",
			"patternStartNo": 22,
			"patternEndNo": 31,
			"startIdx": 22,
			"endIdx": 31
		  }
		],
		"eventTitle": "",
		"reviewDisplayStatusType": "NORMAL",
		"freeTrialReview": false,
		"writerMemberId": "aj****",
		"writerMemberMaskedId": "aj****",
		"writerMemberIdNo": "",
		"writerMemberProfileImageUrl": "https://profile-phinf.pstatic.net/404/default.png",
		"channelServiceType": "WINDOW",
		"channelId": 100279454,
		"reviewEvaluationValueSeqs": [
		  1000245,
		  1000224
		],
		"profileImageSourceType": "DEFAULT",
		"repThumbnailAttach": {
		  "id": "3155039614",
		  "reviewAttachmentType": "I",
		  "attachUrl": "https://phinf.pstatic.net/checkout.phinf/20230522_197/1684736355271Himck_JPEG/IMG_8815.jpeg",
		  "attachWidth": 3024,
		  "attachHeight": 4032,
		  "attachPath": "https://phinf.pstatic.net/checkout.phinf/20230522_197/1684736355271Himck_JPEG/IMG_8815.jpeg",
		  "attachSize": 2756566,
		  "attachDescription": "",
		  "sortOrder": 0,
		  "attachName": "IMG_8815.jpeg",
		  "attachDirectoryName": "/20230522_197/1684736355271Himck_JPEG",
		  "attachmentType": "I",
		  "width": 3024,
		  "height": 4032
		},
		"repThumbnailTagNameDescription": {},
		"merchantNo": "",
		"merchantName": "",
		"isMyReview": false
	  },
	  {
		"id": "4257464235",
		"reviewType": "AFTER_USE",
		"reviewServiceType": "SELLBLOG",
		"reviewContentClassType": "PHOTO",
		"reviewScore": 5,
		"reviewContent": "넘 맛있어서 몇번째 주문인지 모르겠네요 \n진짜 넘 맛있어요~~~",
		"createDate": "2023-05-22T06:08:50.935+00:00",
		"repurchase": true,
		"reviewRankingScore": -68.45474,
		"writerMemberNo": 0,
		"checkoutMerchantId": "",
		"checkoutMerchantNo": 0,
		"orderNo": "",
		"productOrderNo": "2023032160156271",
		"productNo": "3813375295",
		"productName": "말바우시장선김치 국산 전라도 알타리 총각김치 3kg/2kg",
		"productUrl": "https://shopping.naver.com/itemdetail/3813375295",
		"largeCategorizeCategoryId": "50000006",
		"middleCategorizeCategoryId": "50000147",
		"smallCategorizeCategoryId": "50002021",
		"productOptionContentNoDisplay": false,
		"productOptionContent": "착한 총각김치: 3kg",
		"knowledgeShoppingMallProductId": "3813375295",
		"originProductNo": 3806830917,
		"reviewAttaches": [
		  {
			"id": "3155036015",
			"reviewAttachmentType": "I",
			"attachUrl": "https://phinf.pstatic.net/checkout.phinf/20230522_10/16847357263002aHP5_JPEG/IMG_8815.jpeg",
			"attachWidth": 3024,
			"attachHeight": 4032,
			"attachPath": "https://phinf.pstatic.net/checkout.phinf/20230522_10/16847357263002aHP5_JPEG/IMG_8815.jpeg",
			"attachSize": 2756566,
			"attachDescription": "",
			"sortOrder": 0,
			"attachName": "IMG_8815.jpeg",
			"attachDirectoryName": "/20230522_10/16847357263002aHP5_JPEG",
			"attachmentType": "I",
			"width": 3024,
			"height": 4032
		  }
		],
		"reviewCommentIds": [
		  3043646736
		],
		"reviewComments": [
		  {
			"reviewId": "4257464235",
			"commentContent": "안녕하세요 선김치 입니다\n작성해주신 구매후기에 진심으로 감사드립니다.\n재료를 선별하고, 다듬고, 세척하고, 버무리는 모든 공정을 직접해서 고객님께 보내드리고 있으며\n앞으로도 최상품의 국산 재료를 사용해서 변하지 않는 맛과 정성을 다해\n만족스러운 구매로 이어질 수 있도록 항상 노력하는 선김치 되겠습니다.\n감사합니다. 행복한 하루되세요\n\n(모든제품 구매링크 : https://smartstore.naver.com/sunkimchi)",
			"createDate": "2023-05-23T00:23:12.554+00:00",
			"writerMerchantId": "",
			"writerMerchantNo": 0,
			"unescapeCommentContent": "안녕하세요 선김치 입니다\n작성해주신 구매후기에 진심으로 감사드립니다.\n재료를 선별하고, 다듬고, 세척하고, 버무리는 모든 공정을 직접해서 고객님께 보내드리고 있으며\n앞으로도 최상품의 국산 재료를 사용해서 변하지 않는 맛과 정성을 다해\n만족스러운 구매로 이어질 수 있도록 항상 노력하는 선김치 되겠습니다.\n감사합니다. 행복한 하루되세요\n\n(모든제품 구매링크 : https://smartstore.naver.com/sunkimchi)",
			"reviewCommentId": 3043646736,
			"reviewCommentDisplayStatusType": "NORMAL",
			"id": 3043646736,
			"displayStatusType": "NORMAL",
			"reviewSeq": 4257464235
		  }
		],
		"reviewTopics": [
		  {
			"topicCode": "taste",
			"topicCodeName": "맛",
			"patternStartNo": 0,
			"patternEndNo": 20,
			"startIdx": 0,
			"endIdx": 20
		  },
		  {
			"topicCode": "taste",
			"topicCodeName": "맛",
			"patternStartNo": 22,
			"patternEndNo": 31,
			"startIdx": 22,
			"endIdx": 31
		  }
		],
		"eventTitle": "",
		"reviewDisplayStatusType": "NORMAL",
		"freeTrialReview": false,
		"writerMemberId": "aj****",
		"writerMemberMaskedId": "aj****",
		"writerMemberIdNo": "",
		"writerMemberProfileImageUrl": "https://profile-phinf.pstatic.net/404/default.png",
		"channelServiceType": "WINDOW",
		"channelId": 100279454,
		"reviewEvaluationValueSeqs": [
		  1000245,
		  1000224
		],
		"profileImageSourceType": "DEFAULT",
		"repThumbnailAttach": {
		  "id": "3155036015",
		  "reviewAttachmentType": "I",
		  "attachUrl": "https://phinf.pstatic.net/checkout.phinf/20230522_10/16847357263002aHP5_JPEG/IMG_8815.jpeg",
		  "attachWidth": 3024,
		  "attachHeight": 4032,
		  "attachPath": "https://phinf.pstatic.net/checkout.phinf/20230522_10/16847357263002aHP5_JPEG/IMG_8815.jpeg",
		  "attachSize": 2756566,
		  "attachDescription": "",
		  "sortOrder": 0,
		  "attachName": "IMG_8815.jpeg",
		  "attachDirectoryName": "/20230522_10/16847357263002aHP5_JPEG",
		  "attachmentType": "I",
		  "width": 3024,
		  "height": 4032
		},
		"repThumbnailTagNameDescription": {},
		"merchantNo": "",
		"merchantName": "",
		"isMyReview": false
	  },
	  {
		"id": "4256197484",
		"reviewType": "NORMAL",
		"reviewServiceType": "SELLBLOG",
		"reviewContentClassType": "PHOTO",
		"reviewScore": 5,
		"reviewContent": "파김치는 별로였는데 이건 맛있어요.집에서 담근거같은 맛이에요",
		"createDate": "2023-05-20T03:18:42.437+00:00",
		"repurchase": false,
		"reviewRankingScore": -68.455605,
		"writerMemberNo": 0,
		"checkoutMerchantId": "",
		"checkoutMerchantNo": 0,
		"orderNo": "",
		"productOrderNo": "2023051022957191",
		"productNo": "3813375295",
		"productName": "말바우시장 선김치 전라도 국산 알타리 총각 김치 2kg",
		"productUrl": "https://shopping.naver.com/itemdetail/3813375295",
		"largeCategorizeCategoryId": "50000006",
		"middleCategorizeCategoryId": "50000147",
		"smallCategorizeCategoryId": "50002021",
		"productOptionContentNoDisplay": false,
		"productOptionContent": "착한 총각김치: 2kg",
		"knowledgeShoppingMallProductId": "3813375295",
		"originProductNo": 3806830917,
		"reviewAttaches": [
		  {
			"id": "3154265700",
			"reviewAttachmentType": "I",
			"attachUrl": "https://phinf.pstatic.net/checkout.phinf/20230520_79/1684552715981UrePI_JPEG/20230520_111810.jpg",
			"attachWidth": 3000,
			"attachHeight": 4000,
			"attachPath": "https://phinf.pstatic.net/checkout.phinf/20230520_79/1684552715981UrePI_JPEG/20230520_111810.jpg",
			"attachSize": 4737922,
			"attachDescription": "",
			"sortOrder": 0,
			"attachName": "20230520_111810.jpg",
			"attachDirectoryName": "/20230520_79/1684552715981UrePI_JPEG",
			"attachmentType": "I",
			"width": 3000,
			"height": 4000
		  }
		],
		"reviewCommentIds": [
		  3043465599
		],
		"reviewComments": [
		  {
			"reviewId": "4256197484",
			"commentContent": "안녕하세요 선김치 입니다\n작성해주신 구매후기에 진심으로 감사드립니다.\n재료를 선별하고, 다듬고, 세척하고, 버무리는 모든 공정을 직접해서 고객님께 보내드리고 있으며\n앞으로도 최상품의 국산 재료를 사용해서 변하지 않는 맛과 정성을 다해\n만족스러운 구매로 이어질 수 있도록 항상 노력하는 선김치 되겠습니다.\n감사합니다. 행복한 하루되세요\n\n(모든제품 구매링크 : https://smartstore.naver.com/sunkimchi)",
			"createDate": "2023-05-22T00:39:43.300+00:00",
			"writerMerchantId": "",
			"writerMerchantNo": 0,
			"unescapeCommentContent": "안녕하세요 선김치 입니다\n작성해주신 구매후기에 진심으로 감사드립니다.\n재료를 선별하고, 다듬고, 세척하고, 버무리는 모든 공정을 직접해서 고객님께 보내드리고 있으며\n앞으로도 최상품의 국산 재료를 사용해서 변하지 않는 맛과 정성을 다해\n만족스러운 구매로 이어질 수 있도록 항상 노력하는 선김치 되겠습니다.\n감사합니다. 행복한 하루되세요\n\n(모든제품 구매링크 : https://smartstore.naver.com/sunkimchi)",
			"reviewCommentId": 3043465599,
			"reviewCommentDisplayStatusType": "NORMAL",
			"id": 3043465599,
			"displayStatusType": "NORMAL",
			"reviewSeq": 4256197484
		  }
		],
		"reviewTopics": [
		  {
			"topicCode": "taste",
			"topicCodeName": "맛",
			"patternStartNo": 11,
			"patternEndNo": 17,
			"startIdx": 11,
			"endIdx": 17
		  }
		],
		"eventTitle": "",
		"reviewDisplayStatusType": "NORMAL",
		"freeTrialReview": false,
		"writerMemberId": "dbsg*****",
		"writerMemberMaskedId": "dbsg*****",
		"writerMemberIdNo": "",
		"writerMemberProfileImageUrl": "https://phinf.pstatic.net/contact/20221124_23/1669252983112lTneS_PNG/avatar_profile.png",
		"channelServiceType": "WINDOW",
		"channelId": 100279454,
		"reviewEvaluationValueSeqs": [
		  1000245,
		  1000224
		],
		"profileImageSourceType": "NAVER_PROFILE",
		"repThumbnailAttach": {
		  "id": "3154265700",
		  "reviewAttachmentType": "I",
		  "attachUrl": "https://phinf.pstatic.net/checkout.phinf/20230520_79/1684552715981UrePI_JPEG/20230520_111810.jpg",
		  "attachWidth": 3000,
		  "attachHeight": 4000,
		  "attachPath": "https://phinf.pstatic.net/checkout.phinf/20230520_79/1684552715981UrePI_JPEG/20230520_111810.jpg",
		  "attachSize": 4737922,
		  "attachDescription": "",
		  "sortOrder": 0,
		  "attachName": "20230520_111810.jpg",
		  "attachDirectoryName": "/20230520_79/1684552715981UrePI_JPEG",
		  "attachmentType": "I",
		  "width": 3000,
		  "height": 4000
		},
		"repThumbnailTagNameDescription": {},
		"merchantNo": "",
		"merchantName": "",
		"isMyReview": false
	  },
	  {
		"id": "4257003986",
		"reviewType": "NORMAL",
		"reviewServiceType": "SELLBLOG",
		"reviewContentClassType": "PHOTO",
		"reviewScore": 5,
		"reviewContent": "맛있게 잘 익혀서 김냉에\n넣어놨어요\n맛은 굿 최고입니다",
		"createDate": "2023-05-21T12:11:49.100+00:00",
		"repurchase": true,
		"reviewRankingScore": -68.45613,
		"writerMemberNo": 0,
		"checkoutMerchantId": "",
		"checkoutMerchantNo": 0,
		"orderNo": "",
		"productOrderNo": "2023051655296751",
		"productNo": "4391390346",
		"productName": "말바우시장 선김치 전라도 국산 알타리 총각 김치 2kg",
		"productUrl": "https://smartstore.naver.com/main/products/4391390346",
		"largeCategorizeCategoryId": "50000006",
		"middleCategorizeCategoryId": "50000147",
		"smallCategorizeCategoryId": "50002021",
		"productOptionContentNoDisplay": false,
		"productOptionContent": "착한 총각김치: 3kg",
		"knowledgeShoppingMallProductId": "4391390346",
		"originProductNo": 3806830917,
		"reviewAttaches": [
		  {
			"id": "3154783439",
			"reviewAttachmentType": "I",
			"attachUrl": "https://phinf.pstatic.net/checkout.phinf/20230521_181/1684671104007whHSX_JPEG/20230521_210900.jpg",
			"attachWidth": 3024,
			"attachHeight": 4032,
			"attachPath": "https://phinf.pstatic.net/checkout.phinf/20230521_181/1684671104007whHSX_JPEG/20230521_210900.jpg",
			"attachSize": 2959088,
			"attachDescription": "",
			"sortOrder": 0,
			"attachName": "20230521_210900.jpg",
			"attachDirectoryName": "/20230521_181/1684671104007whHSX_JPEG",
			"attachmentType": "I",
			"width": 3024,
			"height": 4032
		  }
		],
		"reviewCommentIds": [
		  3043451719
		],
		"reviewComments": [
		  {
			"reviewId": "4257003986",
			"commentContent": "안녕하세요 선김치 입니다\n작성해주신 구매후기에 진심으로 감사드립니다.\n재료를 선별하고, 다듬고, 세척하고, 버무리는 모든 공정을 직접해서 고객님께 보내드리고 있으며\n앞으로도 최상품의 국산 재료를 사용해서 변하지 않는 맛과 정성을 다해\n만족스러운 구매로 이어질 수 있도록 항상 노력하는 선김치 되겠습니다.\n감사합니다. 행복한 하루되세요\n\n(모든제품 구매링크 : https://smartstore.naver.com/sunkimchi)",
			"createDate": "2023-05-22T00:04:52.700+00:00",
			"writerMerchantId": "",
			"writerMerchantNo": 0,
			"unescapeCommentContent": "안녕하세요 선김치 입니다\n작성해주신 구매후기에 진심으로 감사드립니다.\n재료를 선별하고, 다듬고, 세척하고, 버무리는 모든 공정을 직접해서 고객님께 보내드리고 있으며\n앞으로도 최상품의 국산 재료를 사용해서 변하지 않는 맛과 정성을 다해\n만족스러운 구매로 이어질 수 있도록 항상 노력하는 선김치 되겠습니다.\n감사합니다. 행복한 하루되세요\n\n(모든제품 구매링크 : https://smartstore.naver.com/sunkimchi)",
			"reviewCommentId": 3043451719,
			"reviewCommentDisplayStatusType": "NORMAL",
			"id": 3043451719,
			"displayStatusType": "NORMAL",
			"reviewSeq": 4257003986
		  }
		],
		"reviewTopics": [
		  {
			"topicCode": "taste",
			"topicCodeName": "맛",
			"patternStartNo": 0,
			"patternEndNo": 8,
			"startIdx": 0,
			"endIdx": 8
		  },
		  {
			"topicCode": "total",
			"topicCodeName": "만족도",
			"patternStartNo": 19,
			"patternEndNo": 29,
			"startIdx": 19,
			"endIdx": 29
		  },
		  {
			"topicCode": "taste",
			"topicCodeName": "맛",
			"patternStartNo": 19,
			"patternEndNo": 29,
			"startIdx": 19,
			"endIdx": 29
		  }
		],
		"eventTitle": "",
		"reviewDisplayStatusType": "NORMAL",
		"freeTrialReview": false,
		"writerMemberId": "hee9******",
		"writerMemberMaskedId": "hee9******",
		"writerMemberIdNo": "",
		"writerMemberProfileImageUrl": "https://phinf.pstatic.net/contact/20200613_62/15920437495900DvEz_PNG/p1.png",
		"channelServiceType": "STOREFARM",
		"channelId": 500054903,
		"reviewEvaluationValueSeqs": [
		  1000245,
		  1000224
		],
		"profileImageSourceType": "NAVER_PROFILE",
		"repThumbnailAttach": {
		  "id": "3154783439",
		  "reviewAttachmentType": "I",
		  "attachUrl": "https://phinf.pstatic.net/checkout.phinf/20230521_181/1684671104007whHSX_JPEG/20230521_210900.jpg",
		  "attachWidth": 3024,
		  "attachHeight": 4032,
		  "attachPath": "https://phinf.pstatic.net/checkout.phinf/20230521_181/1684671104007whHSX_JPEG/20230521_210900.jpg",
		  "attachSize": 2959088,
		  "attachDescription": "",
		  "sortOrder": 0,
		  "attachName": "20230521_210900.jpg",
		  "attachDirectoryName": "/20230521_181/1684671104007whHSX_JPEG",
		  "attachmentType": "I",
		  "width": 3024,
		  "height": 4032
		},
		"repThumbnailTagNameDescription": {},
		"merchantNo": "",
		"merchantName": "",
		"isMyReview": false
	  },
	  {
		"id": "4264079574",
		"reviewType": "NORMAL",
		"reviewServiceType": "SELLBLOG",
		"reviewContentClassType": "PHOTO",
		"reviewScore": 5,
		"reviewContent": "항상 맛있게 먹고 있습니다.",
		"createDate": "2023-06-01T12:16:20.439+00:00",
		"repurchase": true,
		"reviewRankingScore": -68.45758,
		"writerMemberNo": 0,
		"checkoutMerchantId": "",
		"checkoutMerchantNo": 0,
		"orderNo": "",
		"productOrderNo": "2023053011161341",
		"productNo": "3813375295",
		"productName": "말바우시장 선김치 전라도 국산 알타리 총각 김치 2kg",
		"productUrl": "https://shopping.naver.com/itemdetail/3813375295",
		"largeCategorizeCategoryId": "50000006",
		"middleCategorizeCategoryId": "50000147",
		"smallCategorizeCategoryId": "50002021",
		"productOptionContentNoDisplay": false,
		"productOptionContent": "착한 총각김치: 3kg",
		"knowledgeShoppingMallProductId": "3813375295",
		"originProductNo": 3806830917,
		"reviewAttaches": [
		  {
			"id": "3159151246",
			"reviewAttachmentType": "I",
			"attachUrl": "https://phinf.pstatic.net/checkout.phinf/20230601_28/1685621771034n6xbR_JPEG/1685621760568.jpg",
			"attachWidth": 3000,
			"attachHeight": 4000,
			"attachPath": "https://phinf.pstatic.net/checkout.phinf/20230601_28/1685621771034n6xbR_JPEG/1685621760568.jpg",
			"attachSize": 2388509,
			"attachDescription": "",
			"sortOrder": 0,
			"attachName": "1685621760568.jpg",
			"attachDirectoryName": "/20230601_28/1685621771034n6xbR_JPEG",
			"attachmentType": "I",
			"width": 3000,
			"height": 4000
		  }
		],
		"reviewCommentIds": [
		  3044769143
		],
		"reviewComments": [
		  {
			"reviewId": "4264079574",
			"commentContent": "안녕하세요 선김치 입니다\n작성해주신 구매후기에 진심으로 감사드립니다.\n재료를 선별하고, 다듬고, 세척하고, 버무리는 모든 공정을 직접해서 고객님께 보내드리고 있으며\n앞으로도 최상품의 국산 재료를 사용해서 변하지 않는 맛과 정성을 다해\n만족스러운 구매로 이어질 수 있도록 항상 노력하는 선김치 되겠습니다.\n감사합니다. 행복한 하루되세요\n\n(모든제품 구매링크 : https://smartstore.naver.com/sunkimchi)",
			"createDate": "2023-06-01T23:58:21.595+00:00",
			"writerMerchantId": "",
			"writerMerchantNo": 0,
			"unescapeCommentContent": "안녕하세요 선김치 입니다\n작성해주신 구매후기에 진심으로 감사드립니다.\n재료를 선별하고, 다듬고, 세척하고, 버무리는 모든 공정을 직접해서 고객님께 보내드리고 있으며\n앞으로도 최상품의 국산 재료를 사용해서 변하지 않는 맛과 정성을 다해\n만족스러운 구매로 이어질 수 있도록 항상 노력하는 선김치 되겠습니다.\n감사합니다. 행복한 하루되세요\n\n(모든제품 구매링크 : https://smartstore.naver.com/sunkimchi)",
			"reviewCommentId": 3044769143,
			"reviewCommentDisplayStatusType": "NORMAL",
			"id": 3044769143,
			"displayStatusType": "NORMAL",
			"reviewSeq": 4264079574
		  }
		],
		"reviewTopics": [
		  {
			"topicCode": "taste",
			"topicCodeName": "맛",
			"patternStartNo": 0,
			"patternEndNo": 8,
			"startIdx": 0,
			"endIdx": 8
		  }
		],
		"eventTitle": "",
		"reviewDisplayStatusType": "NORMAL",
		"freeTrialReview": false,
		"writerMemberId": "kgy7***",
		"writerMemberMaskedId": "kgy7***",
		"writerMemberIdNo": "",
		"writerMemberProfileImageUrl": "https://profile-phinf.pstatic.net/404/default.png",
		"channelServiceType": "WINDOW",
		"channelId": 100279454,
		"reviewEvaluationValueSeqs": [
		  1000245,
		  1000224
		],
		"profileImageSourceType": "DEFAULT",
		"repThumbnailAttach": {
		  "id": "3159151246",
		  "reviewAttachmentType": "I",
		  "attachUrl": "https://phinf.pstatic.net/checkout.phinf/20230601_28/1685621771034n6xbR_JPEG/1685621760568.jpg",
		  "attachWidth": 3000,
		  "attachHeight": 4000,
		  "attachPath": "https://phinf.pstatic.net/checkout.phinf/20230601_28/1685621771034n6xbR_JPEG/1685621760568.jpg",
		  "attachSize": 2388509,
		  "attachDescription": "",
		  "sortOrder": 0,
		  "attachName": "1685621760568.jpg",
		  "attachDirectoryName": "/20230601_28/1685621771034n6xbR_JPEG",
		  "attachmentType": "I",
		  "width": 3000,
		  "height": 4000
		},
		"repThumbnailTagNameDescription": {},
		"merchantNo": "",
		"merchantName": "",
		"isMyReview": false
	  },
	  {
		"id": "4256250086",
		"reviewType": "NORMAL",
		"reviewServiceType": "SELLBLOG",
		"reviewContentClassType": "PHOTO",
		"reviewScore": 5,
		"reviewContent": "집에서만든맛이고 인공적이지않고넘맛있어요 밥도둑이따로없네요 ㅎㅎ",
		"createDate": "2023-05-20T04:49:20.514+00:00",
		"repurchase": true,
		"reviewRankingScore": -68.45853,
		"writerMemberNo": 0,
		"checkoutMerchantId": "",
		"checkoutMerchantNo": 0,
		"orderNo": "",
		"productOrderNo": "2023051868145941",
		"productNo": "3813375295",
		"productName": "말바우시장 선김치 전라도 국산 알타리 총각 김치 2kg",
		"productUrl": "https://shopping.naver.com/itemdetail/3813375295",
		"largeCategorizeCategoryId": "50000006",
		"middleCategorizeCategoryId": "50000147",
		"smallCategorizeCategoryId": "50002021",
		"productOptionContentNoDisplay": false,
		"productOptionContent": "착한 총각김치: 2kg",
		"knowledgeShoppingMallProductId": "3813375295",
		"originProductNo": 3806830917,
		"reviewAttaches": [
		  {
			"id": "3154300598",
			"reviewAttachmentType": "I",
			"attachUrl": "https://phinf.pstatic.net/checkout.phinf/20230520_111/1684558086164NF034_JPEG/20230520_125527.jpg",
			"attachWidth": 3024,
			"attachHeight": 4032,
			"attachPath": "https://phinf.pstatic.net/checkout.phinf/20230520_111/1684558086164NF034_JPEG/20230520_125527.jpg",
			"attachSize": 4225153,
			"attachDescription": "",
			"sortOrder": 0,
			"attachName": "20230520_125527.jpg",
			"attachDirectoryName": "/20230520_111/1684558086164NF034_JPEG",
			"attachmentType": "I",
			"width": 3024,
			"height": 4032
		  }
		],
		"reviewCommentIds": [
		  3043465120
		],
		"reviewComments": [
		  {
			"reviewId": "4256250086",
			"commentContent": "안녕하세요 선김치 입니다\n작성해주신 구매후기에 진심으로 감사드립니다\n코다리조림의 경우 모든 연령층에서 드실 수 있도록 간장베이스 양념으로 오랫동안 졸여서 제조하는 제품으로 어린아이 반찬으로도 안성맞춤입니다.\n기호에 따라서 고춧가루와 청양고추를 썰어 넣어 한번 끓이시면 매콤한 맛을 느끼실 수 있습니다.\n전자레인지를 사용하실 경우 5분정도 데우시고(2분 데운 후 뒤집어서 3분)\n냄비를 사용하실 경우 약불에서 서서히 끓이시고 기호에 따라 물을 조금 더 부으셔도 좋습니다.\n앞으로도 최상품의 재료만을 사용해서 변하지 않는 맛과 정성으로 보답드리며\n만족스러운 구매로 이어질 수 있도록 항상 노력하는 선김치 되겠습니다.\n감사합니다. 행복한 하루되세요\n\n(모든제품 구매링크 : https://smartstore.naver.com/sunkimchi)",
			"createDate": "2023-05-22T00:38:23.639+00:00",
			"writerMerchantId": "",
			"writerMerchantNo": 0,
			"unescapeCommentContent": "안녕하세요 선김치 입니다\n작성해주신 구매후기에 진심으로 감사드립니다\n코다리조림의 경우 모든 연령층에서 드실 수 있도록 간장베이스 양념으로 오랫동안 졸여서 제조하는 제품으로 어린아이 반찬으로도 안성맞춤입니다.\n기호에 따라서 고춧가루와 청양고추를 썰어 넣어 한번 끓이시면 매콤한 맛을 느끼실 수 있습니다.\n전자레인지를 사용하실 경우 5분정도 데우시고(2분 데운 후 뒤집어서 3분)\n냄비를 사용하실 경우 약불에서 서서히 끓이시고 기호에 따라 물을 조금 더 부으셔도 좋습니다.\n앞으로도 최상품의 재료만을 사용해서 변하지 않는 맛과 정성으로 보답드리며\n만족스러운 구매로 이어질 수 있도록 항상 노력하는 선김치 되겠습니다.\n감사합니다. 행복한 하루되세요\n\n(모든제품 구매링크 : https://smartstore.naver.com/sunkimchi)",
			"reviewCommentId": 3043465120,
			"reviewCommentDisplayStatusType": "NORMAL",
			"id": 3043465120,
			"displayStatusType": "NORMAL",
			"reviewSeq": 4256250086
		  }
		],
		"reviewTopics": [
		  {
			"topicCode": "taste",
			"topicCodeName": "맛",
			"patternStartNo": 9,
			"patternEndNo": 20,
			"startIdx": 9,
			"endIdx": 20
		  }
		],
		"eventTitle": "",
		"reviewDisplayStatusType": "NORMAL",
		"freeTrialReview": false,
		"writerMemberId": "nick****",
		"writerMemberMaskedId": "nick****",
		"writerMemberIdNo": "",
		"writerMemberProfileImageUrl": "https://phinf.pstatic.net/contact/20210130_82/1611997225792dKQQG_JPEG/image.jpg",
		"channelServiceType": "WINDOW",
		"channelId": 100279454,
		"reviewEvaluationValueSeqs": [
		  1000245,
		  1000224
		],
		"profileImageSourceType": "NAVER_PROFILE",
		"repThumbnailAttach": {
		  "id": "3154300598",
		  "reviewAttachmentType": "I",
		  "attachUrl": "https://phinf.pstatic.net/checkout.phinf/20230520_111/1684558086164NF034_JPEG/20230520_125527.jpg",
		  "attachWidth": 3024,
		  "attachHeight": 4032,
		  "attachPath": "https://phinf.pstatic.net/checkout.phinf/20230520_111/1684558086164NF034_JPEG/20230520_125527.jpg",
		  "attachSize": 4225153,
		  "attachDescription": "",
		  "sortOrder": 0,
		  "attachName": "20230520_125527.jpg",
		  "attachDirectoryName": "/20230520_111/1684558086164NF034_JPEG",
		  "attachmentType": "I",
		  "width": 3024,
		  "height": 4032
		},
		"repThumbnailTagNameDescription": {},
		"merchantNo": "",
		"merchantName": "",
		"isMyReview": false
	  },
	  {
		"id": "4264848840",
		"reviewType": "NORMAL",
		"reviewServiceType": "SELLBLOG",
		"reviewContentClassType": "PHOTO",
		"reviewScore": 5,
		"reviewContent": "배달빠르고 맛있어요 ㅎ",
		"createDate": "2023-06-02T11:28:53.088+00:00",
		"repurchase": true,
		"reviewRankingScore": -68.458664,
		"writerMemberNo": 0,
		"checkoutMerchantId": "",
		"checkoutMerchantNo": 0,
		"orderNo": "",
		"productOrderNo": "2023053160761671",
		"productNo": "4391390346",
		"productName": "말바우시장 선김치 전라도 국산 알타리 총각 김치 2kg",
		"productUrl": "https://smartstore.naver.com/main/products/4391390346",
		"largeCategorizeCategoryId": "50000006",
		"middleCategorizeCategoryId": "50000147",
		"smallCategorizeCategoryId": "50002021",
		"productOptionContentNoDisplay": false,
		"productOptionContent": "착한 총각김치: 3kg",
		"knowledgeShoppingMallProductId": "4391390346",
		"originProductNo": 3806830917,
		"reviewAttaches": [
		  {
			"id": "3159627280",
			"reviewAttachmentType": "I",
			"attachUrl": "https://phinf.pstatic.net/checkout.phinf/20230602_173/16857053230905LrBr_JPEG/163E7F95-688F-4A82-8301-55FC2A7B01A8.jpeg",
			"attachWidth": 1125,
			"attachHeight": 825,
			"attachPath": "https://phinf.pstatic.net/checkout.phinf/20230602_173/16857053230905LrBr_JPEG/163E7F95-688F-4A82-8301-55FC2A7B01A8.jpeg",
			"attachSize": 299892,
			"attachDescription": "",
			"sortOrder": 0,
			"attachName": "163E7F95-688F-4A82-8301-55FC2A7B01A8.jpeg",
			"attachDirectoryName": "/20230602_173/16857053230905LrBr_JPEG",
			"attachmentType": "I",
			"width": 1125,
			"height": 825
		  }
		],
		"reviewTopics": [
		  {
			"topicCode": "taste",
			"topicCodeName": "맛",
			"patternStartNo": 0,
			"patternEndNo": 9,
			"startIdx": 0,
			"endIdx": 9
		  }
		],
		"eventTitle": "",
		"reviewDisplayStatusType": "NORMAL",
		"freeTrialReview": false,
		"writerMemberId": "jsb2***",
		"writerMemberMaskedId": "jsb2***",
		"writerMemberIdNo": "",
		"writerMemberProfileImageUrl": "https://profile-phinf.pstatic.net/404/default.png",
		"channelServiceType": "STOREFARM",
		"channelId": 500054903,
		"reviewEvaluationValueSeqs": [
		  1000245,
		  1000224
		],
		"profileImageSourceType": "DEFAULT",
		"repThumbnailAttach": {
		  "id": "3159627280",
		  "reviewAttachmentType": "I",
		  "attachUrl": "https://phinf.pstatic.net/checkout.phinf/20230602_173/16857053230905LrBr_JPEG/163E7F95-688F-4A82-8301-55FC2A7B01A8.jpeg",
		  "attachWidth": 1125,
		  "attachHeight": 825,
		  "attachPath": "https://phinf.pstatic.net/checkout.phinf/20230602_173/16857053230905LrBr_JPEG/163E7F95-688F-4A82-8301-55FC2A7B01A8.jpeg",
		  "attachSize": 299892,
		  "attachDescription": "",
		  "sortOrder": 0,
		  "attachName": "163E7F95-688F-4A82-8301-55FC2A7B01A8.jpeg",
		  "attachDirectoryName": "/20230602_173/16857053230905LrBr_JPEG",
		  "attachmentType": "I",
		  "width": 1125,
		  "height": 825
		},
		"repThumbnailTagNameDescription": {},
		"merchantNo": "",
		"merchantName": "",
		"isMyReview": false
	  },
	  {
		"id": "4253714050",
		"reviewType": "NORMAL",
		"reviewServiceType": "SELLBLOG",
		"reviewContentClassType": "VIDEO",
		"reviewScore": 4,
		"reviewContent": "깔끔하고 괜찮아요 좀 싱거워요",
		"createDate": "2023-05-16T14:25:48.006+00:00",
		"repurchase": false,
		"reviewRankingScore": -68.4594,
		"writerMemberNo": 0,
		"checkoutMerchantId": "",
		"checkoutMerchantNo": 0,
		"orderNo": "",
		"productOrderNo": "2023051478836951",
		"productNo": "3813375295",
		"productName": "말바우시장 선김치 전라도 국산 알타리 총각 김치 2kg",
		"productUrl": "https://shopping.naver.com/itemdetail/3813375295",
		"largeCategorizeCategoryId": "50000006",
		"middleCategorizeCategoryId": "50000147",
		"smallCategorizeCategoryId": "50002021",
		"productOptionContentNoDisplay": false,
		"productOptionContent": "착한 총각김치: 3kg",
		"knowledgeShoppingMallProductId": "3813375295",
		"originProductNo": 3806830917,
		"reviewAttaches": [
		  {
			"id": "3152726078",
			"reviewAttachmentType": "M",
			"attachUrl": "https://phinf.pstatic.net/image.nmv/shopnbuyer_2023_05_16_0/80d122d8-f3f5-11ed-b1f7-a0369ffd9e4c_03.jpg",
			"attachWidth": 1920,
			"attachHeight": 1080,
			"attachPath": "https://phinf.pstatic.net/image.nmv/shopnbuyer_2023_05_16_0/80d122d8-f3f5-11ed-b1f7-a0369ffd9e4c_03.jpg",
			"attachSize": 13404470,
			"attachServiceId": 22,
			"attachVid": "985DB9CF3DA5DA0E346A463C2458197E492A",
			"attachDescription": "",
			"sortOrder": 0,
			"attachName": "80d122d8-f3f5-11ed-b1f7-a0369ffd9e4c_03.jpg",
			"attachDirectoryName": "/shopnbuyer_2023_05_16_0",
			"mimeTypeName": "video/mp4",
			"attachmentType": "M",
			"width": 1920,
			"height": 1080,
			"vid": "985DB9CF3DA5DA0E346A463C2458197E492A"
		  }
		],
		"reviewCommentIds": [
		  3042940518
		],
		"reviewComments": [
		  {
			"reviewId": "4253714050",
			"commentContent": "안녕하세요 선김치 입니다\n작성해주신 구매후기에 진심으로 감사드립니다\n요즘은 짜게드시지 않기 때문에 적정량의 젓갈로 간을 하여 강하지 않게 제조하고 있습니다\n다소 싱겁게 느끼셨다면 추후 주문시 기재부탁드립니다.\n입에 꼭 맞는 제품을 대응할 수 있도록 노력하겠습니다.\n감사합니다.",
			"createDate": "2023-05-17T00:29:34.914+00:00",
			"writerMerchantId": "",
			"writerMerchantNo": 0,
			"unescapeCommentContent": "안녕하세요 선김치 입니다\n작성해주신 구매후기에 진심으로 감사드립니다\n요즘은 짜게드시지 않기 때문에 적정량의 젓갈로 간을 하여 강하지 않게 제조하고 있습니다\n다소 싱겁게 느끼셨다면 추후 주문시 기재부탁드립니다.\n입에 꼭 맞는 제품을 대응할 수 있도록 노력하겠습니다.\n감사합니다.",
			"reviewCommentId": 3042940518,
			"reviewCommentDisplayStatusType": "NORMAL",
			"id": 3042940518,
			"displayStatusType": "NORMAL",
			"reviewSeq": 4253714050
		  }
		],
		"reviewTopics": [
		  {
			"topicCode": "taste",
			"topicCodeName": "맛",
			"patternStartNo": 0,
			"patternEndNo": 3,
			"startIdx": 0,
			"endIdx": 3
		  },
		  {
			"topicCode": "taste",
			"topicCodeName": "맛",
			"patternStartNo": 10,
			"patternEndNo": 15,
			"startIdx": 10,
			"endIdx": 15
		  }
		],
		"eventTitle": "",
		"reviewDisplayStatusType": "NORMAL",
		"freeTrialReview": false,
		"writerMemberId": "kkkk******",
		"writerMemberMaskedId": "kkkk******",
		"writerMemberIdNo": "",
		"writerMemberProfileImageUrl": "https://profile-phinf.pstatic.net/404/default.png",
		"channelServiceType": "WINDOW",
		"channelId": 100279454,
		"reviewEvaluationValueSeqs": [
		  1000223,
		  1000244
		],
		"profileImageSourceType": "DEFAULT",
		"repThumbnailAttach": {
		  "id": "3152726078",
		  "reviewAttachmentType": "M",
		  "attachUrl": "https://phinf.pstatic.net/image.nmv/shopnbuyer_2023_05_16_0/80d122d8-f3f5-11ed-b1f7-a0369ffd9e4c_03.jpg",
		  "attachWidth": 1920,
		  "attachHeight": 1080,
		  "attachPath": "https://phinf.pstatic.net/image.nmv/shopnbuyer_2023_05_16_0/80d122d8-f3f5-11ed-b1f7-a0369ffd9e4c_03.jpg",
		  "attachSize": 13404470,
		  "attachServiceId": 22,
		  "attachVid": "985DB9CF3DA5DA0E346A463C2458197E492A",
		  "attachDescription": "",
		  "sortOrder": 0,
		  "attachName": "80d122d8-f3f5-11ed-b1f7-a0369ffd9e4c_03.jpg",
		  "attachDirectoryName": "/shopnbuyer_2023_05_16_0",
		  "mimeTypeName": "video/mp4",
		  "attachmentType": "M",
		  "width": 1920,
		  "height": 1080,
		  "vid": "985DB9CF3DA5DA0E346A463C2458197E492A"
		},
		"repThumbnailTagNameDescription": {},
		"merchantNo": "",
		"merchantName": "",
		"isMyReview": false
	  },
	  {
		"id": "4260214159",
		"reviewType": "AFTER_USE",
		"reviewServiceType": "SELLBLOG",
		"reviewContentClassType": "PHOTO",
		"reviewScore": 5,
		"reviewContent": "자주 시켜먹고 있습니다. 또 먹구 주문할게요",
		"createDate": "2023-05-26T02:32:18.490+00:00",
		"repurchase": true,
		"reviewRankingScore": -68.46063,
		"writerMemberNo": 0,
		"checkoutMerchantId": "",
		"checkoutMerchantNo": 0,
		"orderNo": "",
		"productOrderNo": "2023032333771021",
		"productNo": "4391390346",
		"productName": "선김치 국산 전라도 알타리 총각 김치 3kg/2kg",
		"productUrl": "https://smartstore.naver.com/main/products/4391390346",
		"largeCategorizeCategoryId": "50000006",
		"middleCategorizeCategoryId": "50000147",
		"smallCategorizeCategoryId": "50002021",
		"productOptionContentNoDisplay": false,
		"productOptionContent": "착한 총각김치: 2kg",
		"knowledgeShoppingMallProductId": "4391390346",
		"originProductNo": 3806830917,
		"reviewAttaches": [
		  {
			"id": "3156758279",
			"reviewAttachmentType": "I",
			"attachUrl": "https://phinf.pstatic.net/checkout.phinf/20230526_128/1685068334003OyrQn_PNG/%A2%A5%A1%C6%A9%F6%A9%F6.png",
			"attachWidth": 478,
			"attachHeight": 335,
			"attachPath": "https://phinf.pstatic.net/checkout.phinf/20230526_128/1685068334003OyrQn_PNG/%A2%A5%A1%C6%A9%F6%A9%F6.png",
			"attachSize": 353886,
			"attachDescription": "",
			"sortOrder": 0,
			"attachName": "ì´\u009dê°\u0081ê¹\u0080ì¹\u0098.png",
			"attachDirectoryName": "/20230526_128/1685068334003OyrQn_PNG",
			"attachmentType": "I",
			"width": 478,
			"height": 335
		  }
		],
		"reviewCommentIds": [
		  3044336206
		],
		"reviewComments": [
		  {
			"reviewId": "4260214159",
			"commentContent": "안녕하세요 선김치 입니다\n작성해주신 구매후기에 진심으로 감사드립니다.\n재료를 선별하고, 다듬고, 세척하고, 버무리는 모든 공정을 직접해서 고객님께 보내드리고 있으며\n앞으로도 최상품의 국산 재료를 사용해서 변하지 않는 맛과 정성을 다해\n만족스러운 구매로 이어질 수 있도록 항상 노력하는 선김치 되겠습니다.\n감사합니다. 행복한 하루되세요\n\n(모든제품 구매링크 : https://smartstore.naver.com/sunkimchi)",
			"createDate": "2023-05-30T00:45:06.612+00:00",
			"writerMerchantId": "",
			"writerMerchantNo": 0,
			"unescapeCommentContent": "안녕하세요 선김치 입니다\n작성해주신 구매후기에 진심으로 감사드립니다.\n재료를 선별하고, 다듬고, 세척하고, 버무리는 모든 공정을 직접해서 고객님께 보내드리고 있으며\n앞으로도 최상품의 국산 재료를 사용해서 변하지 않는 맛과 정성을 다해\n만족스러운 구매로 이어질 수 있도록 항상 노력하는 선김치 되겠습니다.\n감사합니다. 행복한 하루되세요\n\n(모든제품 구매링크 : https://smartstore.naver.com/sunkimchi)",
			"reviewCommentId": 3044336206,
			"reviewCommentDisplayStatusType": "NORMAL",
			"id": 3044336206,
			"displayStatusType": "NORMAL",
			"reviewSeq": 4260214159
		  }
		],
		"eventTitle": "",
		"reviewDisplayStatusType": "NORMAL",
		"freeTrialReview": false,
		"parentReviewSeq": "4218614944",
		"writerMemberId": "jung*****",
		"writerMemberMaskedId": "jung*****",
		"writerMemberIdNo": "",
		"writerMemberProfileImageUrl": "https://profile-phinf.pstatic.net/404/default.png",
		"channelServiceType": "STOREFARM",
		"channelId": 500054903,
		"reviewEvaluationValueSeqs": [
		  1000244,
		  1000224
		],
		"profileImageSourceType": "DEFAULT",
		"repThumbnailAttach": {
		  "id": "3156758279",
		  "reviewAttachmentType": "I",
		  "attachUrl": "https://phinf.pstatic.net/checkout.phinf/20230526_128/1685068334003OyrQn_PNG/%A2%A5%A1%C6%A9%F6%A9%F6.png",
		  "attachWidth": 478,
		  "attachHeight": 335,
		  "attachPath": "https://phinf.pstatic.net/checkout.phinf/20230526_128/1685068334003OyrQn_PNG/%A2%A5%A1%C6%A9%F6%A9%F6.png",
		  "attachSize": 353886,
		  "attachDescription": "",
		  "sortOrder": 0,
		  "attachName": "ì´\u009dê°\u0081ê¹\u0080ì¹\u0098.png",
		  "attachDirectoryName": "/20230526_128/1685068334003OyrQn_PNG",
		  "attachmentType": "I",
		  "width": 478,
		  "height": 335
		},
		"repThumbnailTagNameDescription": {},
		"merchantNo": "",
		"merchantName": "",
		"isMyReview": false
	  },
	  {
		"id": "4257093488",
		"reviewType": "NORMAL",
		"reviewServiceType": "SELLBLOG",
		"reviewContentClassType": "PHOTO",
		"reviewScore": 5,
		"reviewContent": "맛있어요 최고에요 재주문입니다",
		"createDate": "2023-05-21T15:03:38.237+00:00",
		"repurchase": true,
		"reviewRankingScore": -68.4618,
		"writerMemberNo": 0,
		"checkoutMerchantId": "",
		"checkoutMerchantNo": 0,
		"orderNo": "",
		"productOrderNo": "2023051233628141",
		"productNo": "3813375295",
		"productName": "말바우시장 선김치 전라도 국산 알타리 총각 김치 2kg",
		"productUrl": "https://shopping.naver.com/itemdetail/3813375295",
		"largeCategorizeCategoryId": "50000006",
		"middleCategorizeCategoryId": "50000147",
		"smallCategorizeCategoryId": "50002021",
		"productOptionContentNoDisplay": false,
		"productOptionContent": "착한 총각김치: 3kg",
		"knowledgeShoppingMallProductId": "3813375295",
		"originProductNo": 3806830917,
		"reviewAttaches": [
		  {
			"id": "3154840886",
			"reviewAttachmentType": "I",
			"attachUrl": "https://phinf.pstatic.net/checkout.phinf/20230522_60/168468138927748AeW_JPEG/image.jpg",
			"attachWidth": 3024,
			"attachHeight": 4032,
			"attachPath": "https://phinf.pstatic.net/checkout.phinf/20230522_60/168468138927748AeW_JPEG/image.jpg",
			"attachSize": 3989185,
			"attachDescription": "",
			"sortOrder": 0,
			"attachName": "image.jpg",
			"attachDirectoryName": "/20230522_60/168468138927748AeW_JPEG",
			"attachmentType": "I",
			"width": 3024,
			"height": 4032
		  }
		],
		"reviewCommentIds": [
		  3043451467
		],
		"reviewComments": [
		  {
			"reviewId": "4257093488",
			"commentContent": "안녕하세요 선김치 입니다\n작성해주신 구매후기에 진심으로 감사드립니다.\n재료를 선별하고, 다듬고, 세척하고, 버무리는 모든 공정을 직접해서 고객님께 보내드리고 있으며\n앞으로도 최상품의 국산 재료를 사용해서 변하지 않는 맛과 정성을 다해\n만족스러운 구매로 이어질 수 있도록 항상 노력하는 선김치 되겠습니다.\n감사합니다. 행복한 하루되세요\n\n(모든제품 구매링크 : https://smartstore.naver.com/sunkimchi)",
			"createDate": "2023-05-22T00:03:51.331+00:00",
			"writerMerchantId": "",
			"writerMerchantNo": 0,
			"unescapeCommentContent": "안녕하세요 선김치 입니다\n작성해주신 구매후기에 진심으로 감사드립니다.\n재료를 선별하고, 다듬고, 세척하고, 버무리는 모든 공정을 직접해서 고객님께 보내드리고 있으며\n앞으로도 최상품의 국산 재료를 사용해서 변하지 않는 맛과 정성을 다해\n만족스러운 구매로 이어질 수 있도록 항상 노력하는 선김치 되겠습니다.\n감사합니다. 행복한 하루되세요\n\n(모든제품 구매링크 : https://smartstore.naver.com/sunkimchi)",
			"reviewCommentId": 3043451467,
			"reviewCommentDisplayStatusType": "NORMAL",
			"id": 3043451467,
			"displayStatusType": "NORMAL",
			"reviewSeq": 4257093488
		  }
		],
		"reviewTopics": [
		  {
			"topicCode": "taste",
			"topicCodeName": "맛",
			"patternStartNo": 0,
			"patternEndNo": 3,
			"startIdx": 0,
			"endIdx": 3
		  },
		  {
			"topicCode": "total",
			"topicCodeName": "만족도",
			"patternStartNo": 5,
			"patternEndNo": 8,
			"startIdx": 5,
			"endIdx": 8
		  }
		],
		"eventTitle": "",
		"reviewDisplayStatusType": "NORMAL",
		"freeTrialReview": false,
		"writerMemberId": "puch*****",
		"writerMemberMaskedId": "puch*****",
		"writerMemberIdNo": "",
		"writerMemberProfileImageUrl": "https://phinf.pstatic.net/contact/20190615_283/1560601522030Cat5f_JPEG/3.jpg",
		"channelServiceType": "WINDOW",
		"channelId": 100279454,
		"reviewEvaluationValueSeqs": [
		  1000245,
		  1000224
		],
		"profileImageSourceType": "NAVER_PROFILE",
		"repThumbnailAttach": {
		  "id": "3154840886",
		  "reviewAttachmentType": "I",
		  "attachUrl": "https://phinf.pstatic.net/checkout.phinf/20230522_60/168468138927748AeW_JPEG/image.jpg",
		  "attachWidth": 3024,
		  "attachHeight": 4032,
		  "attachPath": "https://phinf.pstatic.net/checkout.phinf/20230522_60/168468138927748AeW_JPEG/image.jpg",
		  "attachSize": 3989185,
		  "attachDescription": "",
		  "sortOrder": 0,
		  "attachName": "image.jpg",
		  "attachDirectoryName": "/20230522_60/168468138927748AeW_JPEG",
		  "attachmentType": "I",
		  "width": 3024,
		  "height": 4032
		},
		"repThumbnailTagNameDescription": {},
		"merchantNo": "",
		"merchantName": "",
		"isMyReview": false
	  }
	],
	"page": 5,
	"size": 20,
	"totalElements": 33168,
	"totalPages": 1659,
	"sort": {
	  "sorted": true,
	  "fields": [
		{
		  "name": "reviewRankingScore",
		  "direction": "desc"
		},
		{
		  "name": "createDate",
		  "direction": "desc"
		}
	  ]
	},
	"first": false,
	"last": false
  }